2018-10-20 17:19:23,918 WARNING file_cache is unavailable when using oauth2client >= 4.0.0 or google-auth
Traceback (most recent call last):
  File "C:\Users\Julian\Anaconda3\lib\site-packages\googleapiclient\discovery_cache\__init__.py", line 36, in autodetect
    from google.appengine.api import memcache
ModuleNotFoundError: No module named 'google.appengine'

During handling of the above exception, another exception occurred:

Traceback (most recent call last):
  File "C:\Users\Julian\Anaconda3\lib\site-packages\googleapiclient\discovery_cache\file_cache.py", line 33, in <module>
    from oauth2client.contrib.locked_file import LockedFile
ModuleNotFoundError: No module named 'oauth2client.contrib.locked_file'

During handling of the above exception, another exception occurred:

Traceback (most recent call last):
  File "C:\Users\Julian\Anaconda3\lib\site-packages\googleapiclient\discovery_cache\file_cache.py", line 37, in <module>
    from oauth2client.locked_file import LockedFile
ModuleNotFoundError: No module named 'oauth2client.locked_file'

During handling of the above exception, another exception occurred:

Traceback (most recent call last):
  File "C:\Users\Julian\Anaconda3\lib\site-packages\googleapiclient\discovery_cache\__init__.py", line 41, in autodetect
    from . import file_cache
  File "C:\Users\Julian\Anaconda3\lib\site-packages\googleapiclient\discovery_cache\file_cache.py", line 41, in <module>
    'file_cache is unavailable when using oauth2client >= 4.0.0 or google-auth')
ImportError: file_cache is unavailable when using oauth2client >= 4.0.0 or google-auth
2018-10-20 17:19:23,919 INFO URL being requested: GET https://www.googleapis.com/discovery/v1/apis/youtube/v3/rest
2018-10-20 17:19:25,346 INFO Loading old data from TEDx-ytt-output.csv
2018-10-20 17:19:25,346 WARNING File TEDx-ytt-output.csv does not exist! Continuing without loading old data.
2018-10-20 17:19:25,346 INFO ...done!
2018-10-20 17:19:25,347 INFO Searching for youtube videos with search term 'TEDxTUM'
2018-10-20 17:19:25,348 INFO URL being requested: GET https://www.googleapis.com/youtube/v3/search?q=TEDxTUM&maxResults=50&part=id%2Csnippet&type=video&key=AIzaSyCtwTLEto38mYTNtGciRwyKizhFaQv-Jcs&alt=json
2018-10-20 17:19:26,111 INFO URL being requested: GET https://www.googleapis.com/youtube/v3/search?q=TEDxTUM&maxResults=50&part=id%2Csnippet&type=video&pageToken=CDIQAA&key=AIzaSyCtwTLEto38mYTNtGciRwyKizhFaQv-Jcs&alt=json
2018-10-20 17:19:26,393 DEBUG Found new video: TEDxTUM 2017 Ending | Jessamyn Fairfield's comedy summary of the talks
2018-10-20 17:19:26,394 DEBUG Found new video: TEDxTUM: ENTELECHY Impressions
2018-10-20 17:19:26,394 DEBUG Found new video: What you get from attending TEDxTUM
2018-10-20 17:19:26,394 DEBUG Found new video: TEDxTUM: Conscious Reflection (Music only)
2018-10-20 17:19:26,394 DEBUG Found new video: Stick Up: The layers of tape art | Max Zorn and Audrey Sykes | TEDxTUM
2018-10-20 17:19:26,394 DEBUG Found new video: TEDxTUM Re-Formations of Tomorrow Impressions
2018-10-20 17:19:26,394 DEBUG Found new video: Jenny Rankin Speed Lists all 50 US States | TEDxTUM
2018-10-20 17:19:26,394 DEBUG Found new video: Team Event | TEDxTUM 2015
2018-10-20 17:19:26,394 DEBUG Found new video: A question of survival: Why we hunted the Higgs | Steven Goldfarb | TEDxTUM
2018-10-20 17:19:26,394 DEBUG Found new video: TEDxTUM 2017 Introduction - Re-Formations of Tomorrow
2018-10-20 17:19:26,394 DEBUG Found new video: There can be no human 2.0 without a humanity 2.0 | Philipp Reisinger | TEDxTUM
2018-10-20 17:19:26,394 DEBUG Found new video: TEDxTUM 2015 Organizing Team
2018-10-20 17:19:26,394 DEBUG Found new video: finding eXploration | TEDxTUM
2018-10-20 17:19:26,394 DEBUG Found new video: Q&A Between Sessions | TEDxTUM 2017
2018-10-20 17:19:26,394 DEBUG Found new video: The fascinating intelligence of birds | Auguste von Bayern | TEDxTUM
2018-10-20 17:19:26,395 DEBUG Found new video: TEDxTUM 2015 - FACETS
2018-10-20 17:19:26,395 DEBUG Found new video: Medical Augmented Reality: coming soon to (operating) theaters near you | Nassir Navab | TEDxTUM
2018-10-20 17:19:26,395 DEBUG Found new video: Molecular machines of the future | Hendrik Dietz | TEDxTUMSalon
2018-10-20 17:19:26,396 INFO URL being requested: GET https://www.googleapis.com/youtube/v3/search?q=TEDxTUM&maxResults=50&part=id%2Csnippet&type=video&pageToken=CGQQAA&key=AIzaSyCtwTLEto38mYTNtGciRwyKizhFaQv-Jcs&alt=json
2018-10-20 17:19:27,209 INFO URL being requested: GET https://www.googleapis.com/youtube/v3/search?q=TEDxTUM&maxResults=50&part=id%2Csnippet&type=video&pageToken=CJYBEAA&key=AIzaSyCtwTLEto38mYTNtGciRwyKizhFaQv-Jcs&alt=json
2018-10-20 17:19:27,554 INFO URL being requested: GET https://www.googleapis.com/youtube/v3/search?q=TEDxTUM&maxResults=50&part=id%2Csnippet&type=video&pageToken=CMgBEAA&key=AIzaSyCtwTLEto38mYTNtGciRwyKizhFaQv-Jcs&alt=json
2018-10-20 17:19:27,935 INFO URL being requested: GET https://www.googleapis.com/youtube/v3/search?q=TEDxTUM&maxResults=50&part=id%2Csnippet&type=video&pageToken=CPoBEAA&key=AIzaSyCtwTLEto38mYTNtGciRwyKizhFaQv-Jcs&alt=json
2018-10-20 17:19:28,347 INFO URL being requested: GET https://www.googleapis.com/youtube/v3/search?q=TEDxTUM&maxResults=50&part=id%2Csnippet&type=video&pageToken=CKwCEAA&key=AIzaSyCtwTLEto38mYTNtGciRwyKizhFaQv-Jcs&alt=json
2018-10-20 17:19:28,719 INFO URL being requested: GET https://www.googleapis.com/youtube/v3/search?q=TEDxTUM&maxResults=50&part=id%2Csnippet&type=video&pageToken=CN4CEAA&key=AIzaSyCtwTLEto38mYTNtGciRwyKizhFaQv-Jcs&alt=json
2018-10-20 17:19:29,162 INFO URL being requested: GET https://www.googleapis.com/youtube/v3/search?q=TEDxTUM&maxResults=50&part=id%2Csnippet&type=video&pageToken=CJADEAA&key=AIzaSyCtwTLEto38mYTNtGciRwyKizhFaQv-Jcs&alt=json
2018-10-20 17:19:29,595 INFO URL being requested: GET https://www.googleapis.com/youtube/v3/search?q=TEDxTUM&maxResults=50&part=id%2Csnippet&type=video&pageToken=CMIDEAA&key=AIzaSyCtwTLEto38mYTNtGciRwyKizhFaQv-Jcs&alt=json
2018-10-20 17:19:30,072 INFO URL being requested: GET https://www.googleapis.com/youtube/v3/search?q=TEDxTUM&maxResults=50&part=id%2Csnippet&type=video&pageToken=CPQDEAA&key=AIzaSyCtwTLEto38mYTNtGciRwyKizhFaQv-Jcs&alt=json
2018-10-20 17:19:30,996 INFO URL being requested: GET https://www.googleapis.com/youtube/v3/search?q=TEDxTUM&maxResults=50&part=id%2Csnippet&type=video&pageToken=CKYEEAA&key=AIzaSyCtwTLEto38mYTNtGciRwyKizhFaQv-Jcs&alt=json
2018-10-20 17:19:31,407 INFO URL being requested: GET https://www.googleapis.com/youtube/v3/search?q=TEDxTUM&maxResults=50&part=id%2Csnippet&type=video&pageToken=CNgEEAA&key=AIzaSyCtwTLEto38mYTNtGciRwyKizhFaQv-Jcs&alt=json
2018-10-20 17:19:31,814 INFO URL being requested: GET https://www.googleapis.com/youtube/v3/search?q=TEDxTUM&maxResults=50&part=id%2Csnippet&type=video&pageToken=CIoFEAA&key=AIzaSyCtwTLEto38mYTNtGciRwyKizhFaQv-Jcs&alt=json
2018-10-20 17:19:32,238 INFO URL being requested: GET https://www.googleapis.com/youtube/v3/search?q=TEDxTUM&maxResults=50&part=id%2Csnippet&type=video&pageToken=CLwFEAA&key=AIzaSyCtwTLEto38mYTNtGciRwyKizhFaQv-Jcs&alt=json
2018-10-20 17:19:32,606 INFO URL being requested: GET https://www.googleapis.com/youtube/v3/search?q=TEDxTUM&maxResults=50&part=id%2Csnippet&type=video&pageToken=CO4FEAA&key=AIzaSyCtwTLEto38mYTNtGciRwyKizhFaQv-Jcs&alt=json
2018-10-20 17:19:33,049 INFO URL being requested: GET https://www.googleapis.com/youtube/v3/search?q=TEDxTUM&maxResults=50&part=id%2Csnippet&type=video&pageToken=CKAGEAA&key=AIzaSyCtwTLEto38mYTNtGciRwyKizhFaQv-Jcs&alt=json
2018-10-20 17:19:33,748 INFO URL being requested: GET https://www.googleapis.com/youtube/v3/search?q=TEDxTUM&maxResults=50&part=id%2Csnippet&type=video&pageToken=CNIGEAA&key=AIzaSyCtwTLEto38mYTNtGciRwyKizhFaQv-Jcs&alt=json
2018-10-20 17:19:34,181 INFO URL being requested: GET https://www.googleapis.com/youtube/v3/search?q=TEDxTUM&maxResults=50&part=id%2Csnippet&type=video&pageToken=CIQHEAA&key=AIzaSyCtwTLEto38mYTNtGciRwyKizhFaQv-Jcs&alt=json
2018-10-20 17:19:34,570 INFO URL being requested: GET https://www.googleapis.com/youtube/v3/search?q=TEDxTUM&maxResults=50&part=id%2Csnippet&type=video&pageToken=CLYHEAA&key=AIzaSyCtwTLEto38mYTNtGciRwyKizhFaQv-Jcs&alt=json
2018-10-20 17:19:35,450 INFO ...done!
2018-10-20 17:19:35,450 INFO Getting data from youtube ...
2018-10-20 17:19:35,457 INFO URL being requested: GET https://www.googleapis.com/youtube/v3/videos?part=id%2Csnippet%2C+statistics&id=iuIisjRIcVI&key=AIzaSyCtwTLEto38mYTNtGciRwyKizhFaQv-Jcs&alt=json
2018-10-20 17:19:35,576 INFO URL being requested: GET https://www.googleapis.com/youtube/v3/videos?part=id%2Csnippet%2C+statistics&id=0qVOUD76JOg&key=AIzaSyCtwTLEto38mYTNtGciRwyKizhFaQv-Jcs&alt=json
2018-10-20 17:19:35,673 INFO URL being requested: GET https://www.googleapis.com/youtube/v3/videos?part=id%2Csnippet%2C+statistics&id=D6_J7FfgWVc&key=AIzaSyCtwTLEto38mYTNtGciRwyKizhFaQv-Jcs&alt=json
2018-10-20 17:19:35,754 INFO URL being requested: GET https://www.googleapis.com/youtube/v3/videos?part=id%2Csnippet%2C+statistics&id=iq5SLf6xPFQ&key=AIzaSyCtwTLEto38mYTNtGciRwyKizhFaQv-Jcs&alt=json
2018-10-20 17:19:35,836 INFO URL being requested: GET https://www.googleapis.com/youtube/v3/videos?part=id%2Csnippet%2C+statistics&id=EJDpbsvWdsg&key=AIzaSyCtwTLEto38mYTNtGciRwyKizhFaQv-Jcs&alt=json
2018-10-20 17:19:35,918 INFO URL being requested: GET https://www.googleapis.com/youtube/v3/videos?part=id%2Csnippet%2C+statistics&id=XnQHVXMhzBo&key=AIzaSyCtwTLEto38mYTNtGciRwyKizhFaQv-Jcs&alt=json
2018-10-20 17:19:35,990 INFO URL being requested: GET https://www.googleapis.com/youtube/v3/videos?part=id%2Csnippet%2C+statistics&id=IDixuVrDABY&key=AIzaSyCtwTLEto38mYTNtGciRwyKizhFaQv-Jcs&alt=json
2018-10-20 17:19:36,082 INFO URL being requested: GET https://www.googleapis.com/youtube/v3/videos?part=id%2Csnippet%2C+statistics&id=3Xpj5Gj9pgo&key=AIzaSyCtwTLEto38mYTNtGciRwyKizhFaQv-Jcs&alt=json
2018-10-20 17:19:36,167 INFO URL being requested: GET https://www.googleapis.com/youtube/v3/videos?part=id%2Csnippet%2C+statistics&id=KCLdryjDl6E&key=AIzaSyCtwTLEto38mYTNtGciRwyKizhFaQv-Jcs&alt=json
2018-10-20 17:19:36,246 INFO URL being requested: GET https://www.googleapis.com/youtube/v3/videos?part=id%2Csnippet%2C+statistics&id=OKQ-mpv0tWI&key=AIzaSyCtwTLEto38mYTNtGciRwyKizhFaQv-Jcs&alt=json
2018-10-20 17:19:36,342 INFO URL being requested: GET https://www.googleapis.com/youtube/v3/videos?part=id%2Csnippet%2C+statistics&id=Zark1jrC7EU&key=AIzaSyCtwTLEto38mYTNtGciRwyKizhFaQv-Jcs&alt=json
2018-10-20 17:19:36,432 INFO URL being requested: GET https://www.googleapis.com/youtube/v3/videos?part=id%2Csnippet%2C+statistics&id=-guxUgF_eTU&key=AIzaSyCtwTLEto38mYTNtGciRwyKizhFaQv-Jcs&alt=json
2018-10-20 17:19:36,515 INFO URL being requested: GET https://www.googleapis.com/youtube/v3/videos?part=id%2Csnippet%2C+statistics&id=WGPQM1J7Jcw&key=AIzaSyCtwTLEto38mYTNtGciRwyKizhFaQv-Jcs&alt=json
2018-10-20 17:19:36,594 INFO URL being requested: GET https://www.googleapis.com/youtube/v3/videos?part=id%2Csnippet%2C+statistics&id=36186S-RsKY&key=AIzaSyCtwTLEto38mYTNtGciRwyKizhFaQv-Jcs&alt=json
2018-10-20 17:19:36,676 INFO URL being requested: GET https://www.googleapis.com/youtube/v3/videos?part=id%2Csnippet%2C+statistics&id=Z2TQQhTx6EQ&key=AIzaSyCtwTLEto38mYTNtGciRwyKizhFaQv-Jcs&alt=json
2018-10-20 17:19:36,766 INFO URL being requested: GET https://www.googleapis.com/youtube/v3/videos?part=id%2Csnippet%2C+statistics&id=62aI5Oy4S4g&key=AIzaSyCtwTLEto38mYTNtGciRwyKizhFaQv-Jcs&alt=json
2018-10-20 17:19:36,851 INFO URL being requested: GET https://www.googleapis.com/youtube/v3/videos?part=id%2Csnippet%2C+statistics&id=NQ9uWbZ285Q&key=AIzaSyCtwTLEto38mYTNtGciRwyKizhFaQv-Jcs&alt=json
2018-10-20 17:19:36,937 INFO URL being requested: GET https://www.googleapis.com/youtube/v3/videos?part=id%2Csnippet%2C+statistics&id=3uLp0C6G__w&key=AIzaSyCtwTLEto38mYTNtGciRwyKizhFaQv-Jcs&alt=json
2018-10-20 17:19:37,011 INFO URL being requested: GET https://www.googleapis.com/youtube/v3/videos?part=id%2Csnippet%2C+statistics&id=ab_yh2HoJ7o&key=AIzaSyCtwTLEto38mYTNtGciRwyKizhFaQv-Jcs&alt=json
2018-10-20 17:19:37,093 INFO URL being requested: GET https://www.googleapis.com/youtube/v3/videos?part=id%2Csnippet%2C+statistics&id=2B91UE0gHps&key=AIzaSyCtwTLEto38mYTNtGciRwyKizhFaQv-Jcs&alt=json
2018-10-20 17:19:37,176 INFO URL being requested: GET https://www.googleapis.com/youtube/v3/videos?part=id%2Csnippet%2C+statistics&id=HCjBM23nQ0s&key=AIzaSyCtwTLEto38mYTNtGciRwyKizhFaQv-Jcs&alt=json
2018-10-20 17:19:37,258 INFO URL being requested: GET https://www.googleapis.com/youtube/v3/videos?part=id%2Csnippet%2C+statistics&id=m4w-FV6eERI&key=AIzaSyCtwTLEto38mYTNtGciRwyKizhFaQv-Jcs&alt=json
2018-10-20 17:19:37,337 INFO URL being requested: GET https://www.googleapis.com/youtube/v3/videos?part=id%2Csnippet%2C+statistics&id=0NDL0AgRK0c&key=AIzaSyCtwTLEto38mYTNtGciRwyKizhFaQv-Jcs&alt=json
2018-10-20 17:19:37,415 INFO URL being requested: GET https://www.googleapis.com/youtube/v3/videos?part=id%2Csnippet%2C+statistics&id=6MxbegZtAII&key=AIzaSyCtwTLEto38mYTNtGciRwyKizhFaQv-Jcs&alt=json
2018-10-20 17:19:37,490 INFO URL being requested: GET https://www.googleapis.com/youtube/v3/videos?part=id%2Csnippet%2C+statistics&id=k_BVvupSChc&key=AIzaSyCtwTLEto38mYTNtGciRwyKizhFaQv-Jcs&alt=json
2018-10-20 17:19:37,569 INFO URL being requested: GET https://www.googleapis.com/youtube/v3/videos?part=id%2Csnippet%2C+statistics&id=g17OHKBm50I&key=AIzaSyCtwTLEto38mYTNtGciRwyKizhFaQv-Jcs&alt=json
2018-10-20 17:19:37,661 INFO URL being requested: GET https://www.googleapis.com/youtube/v3/videos?part=id%2Csnippet%2C+statistics&id=mK6IdD4GXPo&key=AIzaSyCtwTLEto38mYTNtGciRwyKizhFaQv-Jcs&alt=json
2018-10-20 17:19:37,755 INFO URL being requested: GET https://www.googleapis.com/youtube/v3/videos?part=id%2Csnippet%2C+statistics&id=3DyrDKYhSi8&key=AIzaSyCtwTLEto38mYTNtGciRwyKizhFaQv-Jcs&alt=json
2018-10-20 17:19:37,839 INFO URL being requested: GET https://www.googleapis.com/youtube/v3/videos?part=id%2Csnippet%2C+statistics&id=JR_DmkV4Jlw&key=AIzaSyCtwTLEto38mYTNtGciRwyKizhFaQv-Jcs&alt=json
2018-10-20 17:19:37,914 INFO URL being requested: GET https://www.googleapis.com/youtube/v3/videos?part=id%2Csnippet%2C+statistics&id=CFHvNNcEIDo&key=AIzaSyCtwTLEto38mYTNtGciRwyKizhFaQv-Jcs&alt=json
2018-10-20 17:19:38,001 INFO URL being requested: GET https://www.googleapis.com/youtube/v3/videos?part=id%2Csnippet%2C+statistics&id=O54JCIDqWwM&key=AIzaSyCtwTLEto38mYTNtGciRwyKizhFaQv-Jcs&alt=json
2018-10-20 17:19:38,082 INFO URL being requested: GET https://www.googleapis.com/youtube/v3/videos?part=id%2Csnippet%2C+statistics&id=LQEbC8QfbyU&key=AIzaSyCtwTLEto38mYTNtGciRwyKizhFaQv-Jcs&alt=json
2018-10-20 17:19:38,196 INFO URL being requested: GET https://www.googleapis.com/youtube/v3/videos?part=id%2Csnippet%2C+statistics&id=NG2CsLrCCY8&key=AIzaSyCtwTLEto38mYTNtGciRwyKizhFaQv-Jcs&alt=json
2018-10-20 17:19:38,273 INFO URL being requested: GET https://www.googleapis.com/youtube/v3/videos?part=id%2Csnippet%2C+statistics&id=ke4lI_1xCrU&key=AIzaSyCtwTLEto38mYTNtGciRwyKizhFaQv-Jcs&alt=json
2018-10-20 17:19:38,349 INFO URL being requested: GET https://www.googleapis.com/youtube/v3/videos?part=id%2Csnippet%2C+statistics&id=U5DoJ_jCt7E&key=AIzaSyCtwTLEto38mYTNtGciRwyKizhFaQv-Jcs&alt=json
2018-10-20 17:19:38,433 INFO URL being requested: GET https://www.googleapis.com/youtube/v3/videos?part=id%2Csnippet%2C+statistics&id=OE3mguWXRRU&key=AIzaSyCtwTLEto38mYTNtGciRwyKizhFaQv-Jcs&alt=json
2018-10-20 17:19:38,504 INFO URL being requested: GET https://www.googleapis.com/youtube/v3/videos?part=id%2Csnippet%2C+statistics&id=FjBsr9w3-Gk&key=AIzaSyCtwTLEto38mYTNtGciRwyKizhFaQv-Jcs&alt=json
2018-10-20 17:19:38,576 INFO URL being requested: GET https://www.googleapis.com/youtube/v3/videos?part=id%2Csnippet%2C+statistics&id=-NhZ4ioHb9E&key=AIzaSyCtwTLEto38mYTNtGciRwyKizhFaQv-Jcs&alt=json
2018-10-20 17:19:38,654 INFO URL being requested: GET https://www.googleapis.com/youtube/v3/videos?part=id%2Csnippet%2C+statistics&id=13kgrPyNTfY&key=AIzaSyCtwTLEto38mYTNtGciRwyKizhFaQv-Jcs&alt=json
2018-10-20 17:19:38,729 INFO URL being requested: GET https://www.googleapis.com/youtube/v3/videos?part=id%2Csnippet%2C+statistics&id=PpiVaGPyDG4&key=AIzaSyCtwTLEto38mYTNtGciRwyKizhFaQv-Jcs&alt=json
2018-10-20 17:19:38,806 INFO URL being requested: GET https://www.googleapis.com/youtube/v3/videos?part=id%2Csnippet%2C+statistics&id=gPZc1fZcgL8&key=AIzaSyCtwTLEto38mYTNtGciRwyKizhFaQv-Jcs&alt=json
2018-10-20 17:19:38,897 INFO URL being requested: GET https://www.googleapis.com/youtube/v3/videos?part=id%2Csnippet%2C+statistics&id=myl722kHxbU&key=AIzaSyCtwTLEto38mYTNtGciRwyKizhFaQv-Jcs&alt=json
2018-10-20 17:19:38,976 INFO URL being requested: GET https://www.googleapis.com/youtube/v3/videos?part=id%2Csnippet%2C+statistics&id=76pnQkP-xG4&key=AIzaSyCtwTLEto38mYTNtGciRwyKizhFaQv-Jcs&alt=json
2018-10-20 17:19:39,059 INFO URL being requested: GET https://www.googleapis.com/youtube/v3/videos?part=id%2Csnippet%2C+statistics&id=5zFOUgtiZeQ&key=AIzaSyCtwTLEto38mYTNtGciRwyKizhFaQv-Jcs&alt=json
2018-10-20 17:19:39,147 INFO URL being requested: GET https://www.googleapis.com/youtube/v3/videos?part=id%2Csnippet%2C+statistics&id=gnK7Lg56DjI&key=AIzaSyCtwTLEto38mYTNtGciRwyKizhFaQv-Jcs&alt=json
2018-10-20 17:19:39,223 INFO URL being requested: GET https://www.googleapis.com/youtube/v3/videos?part=id%2Csnippet%2C+statistics&id=Dbvp5LxY6Kw&key=AIzaSyCtwTLEto38mYTNtGciRwyKizhFaQv-Jcs&alt=json
2018-10-20 17:19:39,298 INFO URL being requested: GET https://www.googleapis.com/youtube/v3/videos?part=id%2Csnippet%2C+statistics&id=iaemojsQDFw&key=AIzaSyCtwTLEto38mYTNtGciRwyKizhFaQv-Jcs&alt=json
2018-10-20 17:19:39,372 INFO URL being requested: GET https://www.googleapis.com/youtube/v3/videos?part=id%2Csnippet%2C+statistics&id=YPMD7iNZT24&key=AIzaSyCtwTLEto38mYTNtGciRwyKizhFaQv-Jcs&alt=json
2018-10-20 17:19:39,449 INFO URL being requested: GET https://www.googleapis.com/youtube/v3/videos?part=id%2Csnippet%2C+statistics&id=mxbfx7YXBIo&key=AIzaSyCtwTLEto38mYTNtGciRwyKizhFaQv-Jcs&alt=json
2018-10-20 17:19:39,525 INFO URL being requested: GET https://www.googleapis.com/youtube/v3/videos?part=id%2Csnippet%2C+statistics&id=fkxl1hSmb28&key=AIzaSyCtwTLEto38mYTNtGciRwyKizhFaQv-Jcs&alt=json
2018-10-20 17:19:39,606 INFO URL being requested: GET https://www.googleapis.com/youtube/v3/videos?part=id%2Csnippet%2C+statistics&id=mxbfx7YXBIo&key=AIzaSyCtwTLEto38mYTNtGciRwyKizhFaQv-Jcs&alt=json
2018-10-20 17:19:39,682 INFO URL being requested: GET https://www.googleapis.com/youtube/v3/videos?part=id%2Csnippet%2C+statistics&id=OiqnbYywGcI&key=AIzaSyCtwTLEto38mYTNtGciRwyKizhFaQv-Jcs&alt=json
2018-10-20 17:19:39,750 INFO URL being requested: GET https://www.googleapis.com/youtube/v3/videos?part=id%2Csnippet%2C+statistics&id=LjQDLg_KuJg&key=AIzaSyCtwTLEto38mYTNtGciRwyKizhFaQv-Jcs&alt=json
2018-10-20 17:19:39,828 INFO URL being requested: GET https://www.googleapis.com/youtube/v3/videos?part=id%2Csnippet%2C+statistics&id=IdRbCJzpIAM&key=AIzaSyCtwTLEto38mYTNtGciRwyKizhFaQv-Jcs&alt=json
2018-10-20 17:19:39,901 INFO URL being requested: GET https://www.googleapis.com/youtube/v3/videos?part=id%2Csnippet%2C+statistics&id=sRVxPE1cguo&key=AIzaSyCtwTLEto38mYTNtGciRwyKizhFaQv-Jcs&alt=json
2018-10-20 17:19:39,980 INFO URL being requested: GET https://www.googleapis.com/youtube/v3/videos?part=id%2Csnippet%2C+statistics&id=sfgTmRiGWWE&key=AIzaSyCtwTLEto38mYTNtGciRwyKizhFaQv-Jcs&alt=json
2018-10-20 17:19:40,052 INFO URL being requested: GET https://www.googleapis.com/youtube/v3/videos?part=id%2Csnippet%2C+statistics&id=3_ZXhYD9QJg&key=AIzaSyCtwTLEto38mYTNtGciRwyKizhFaQv-Jcs&alt=json
2018-10-20 17:19:40,128 INFO URL being requested: GET https://www.googleapis.com/youtube/v3/videos?part=id%2Csnippet%2C+statistics&id=d_eaG5QcA_U&key=AIzaSyCtwTLEto38mYTNtGciRwyKizhFaQv-Jcs&alt=json
2018-10-20 17:19:40,209 INFO URL being requested: GET https://www.googleapis.com/youtube/v3/videos?part=id%2Csnippet%2C+statistics&id=5U6Cc1hmdY0&key=AIzaSyCtwTLEto38mYTNtGciRwyKizhFaQv-Jcs&alt=json
2018-10-20 17:19:40,285 INFO URL being requested: GET https://www.googleapis.com/youtube/v3/videos?part=id%2Csnippet%2C+statistics&id=m-9z9M9dsq0&key=AIzaSyCtwTLEto38mYTNtGciRwyKizhFaQv-Jcs&alt=json
2018-10-20 17:19:40,361 INFO URL being requested: GET https://www.googleapis.com/youtube/v3/videos?part=id%2Csnippet%2C+statistics&id=YTKgizpzmtQ&key=AIzaSyCtwTLEto38mYTNtGciRwyKizhFaQv-Jcs&alt=json
2018-10-20 17:19:40,450 INFO URL being requested: GET https://www.googleapis.com/youtube/v3/videos?part=id%2Csnippet%2C+statistics&id=TEQpfEb8vsE&key=AIzaSyCtwTLEto38mYTNtGciRwyKizhFaQv-Jcs&alt=json
2018-10-20 17:19:40,520 INFO URL being requested: GET https://www.googleapis.com/youtube/v3/videos?part=id%2Csnippet%2C+statistics&id=YPMD7iNZT24&key=AIzaSyCtwTLEto38mYTNtGciRwyKizhFaQv-Jcs&alt=json
2018-10-20 17:19:40,604 INFO URL being requested: GET https://www.googleapis.com/youtube/v3/videos?part=id%2Csnippet%2C+statistics&id=68LGsvpn7vk&key=AIzaSyCtwTLEto38mYTNtGciRwyKizhFaQv-Jcs&alt=json
2018-10-20 17:19:40,675 INFO URL being requested: GET https://www.googleapis.com/youtube/v3/videos?part=id%2Csnippet%2C+statistics&id=VxQ5R9-Jfm8&key=AIzaSyCtwTLEto38mYTNtGciRwyKizhFaQv-Jcs&alt=json
2018-10-20 17:19:40,746 INFO URL being requested: GET https://www.googleapis.com/youtube/v3/videos?part=id%2Csnippet%2C+statistics&id=q5Mc26ihCXc&key=AIzaSyCtwTLEto38mYTNtGciRwyKizhFaQv-Jcs&alt=json
2018-10-20 17:19:40,826 INFO URL being requested: GET https://www.googleapis.com/youtube/v3/videos?part=id%2Csnippet%2C+statistics&id=w-QoDqBMe2k&key=AIzaSyCtwTLEto38mYTNtGciRwyKizhFaQv-Jcs&alt=json
2018-10-20 17:19:40,913 INFO URL being requested: GET https://www.googleapis.com/youtube/v3/videos?part=id%2Csnippet%2C+statistics&id=1E-QkFUAt5A&key=AIzaSyCtwTLEto38mYTNtGciRwyKizhFaQv-Jcs&alt=json
2018-10-20 17:19:40,991 INFO ...done!
2018-10-20 17:19:40,991 INFO Loading old statistics from TEDx-ytt-statistics.csv
2018-10-20 17:19:40,992 WARNING File TEDx-ytt-statistics.csv does not exist! Continuing without loading old data.
2018-10-20 17:19:40,992 INFO ...done!
2018-10-20 17:19:40,993 INFO Calculating statistics ... 
2018-10-20 17:19:41,010 INFO ... done
2018-10-20 17:19:41,011 INFO Saving data ...
2018-10-20 17:19:41,015 INFO ...done!
