2018-12-08 23:22:01,551 INFO Save directory: C:\Users\Julian\GitHub\TEDx-YTT
2018-12-08 23:22:01,554 WARNING file_cache is unavailable when using oauth2client >= 4.0.0 or google-auth
Traceback (most recent call last):
  File "C:\Users\Julian\Anaconda3\lib\site-packages\googleapiclient\discovery_cache\__init__.py", line 36, in autodetect
    from google.appengine.api import memcache
ModuleNotFoundError: No module named 'google.appengine'

During handling of the above exception, another exception occurred:

Traceback (most recent call last):
  File "C:\Users\Julian\Anaconda3\lib\site-packages\googleapiclient\discovery_cache\file_cache.py", line 33, in <module>
    from oauth2client.contrib.locked_file import LockedFile
ModuleNotFoundError: No module named 'oauth2client.contrib.locked_file'

During handling of the above exception, another exception occurred:

Traceback (most recent call last):
  File "C:\Users\Julian\Anaconda3\lib\site-packages\googleapiclient\discovery_cache\file_cache.py", line 37, in <module>
    from oauth2client.locked_file import LockedFile
ModuleNotFoundError: No module named 'oauth2client.locked_file'

During handling of the above exception, another exception occurred:

Traceback (most recent call last):
  File "C:\Users\Julian\Anaconda3\lib\site-packages\googleapiclient\discovery_cache\__init__.py", line 41, in autodetect
    from . import file_cache
  File "C:\Users\Julian\Anaconda3\lib\site-packages\googleapiclient\discovery_cache\file_cache.py", line 41, in <module>
    'file_cache is unavailable when using oauth2client >= 4.0.0 or google-auth')
ImportError: file_cache is unavailable when using oauth2client >= 4.0.0 or google-auth
2018-12-08 23:22:01,555 INFO URL being requested: GET https://www.googleapis.com/discovery/v1/apis/youtube/v3/rest
2018-12-08 23:22:02,977 INFO TRACE: Calling load_data() with ('C:\\Users\\Julian\\GitHub\\TEDx-YTT\\tedx-ytt-output.csv', ['Date', 'ID']), {}
2018-12-08 23:22:02,977 INFO Loading old data from C:\Users\Julian\GitHub\TEDx-YTT\tedx-ytt-output.csv
2018-12-08 23:22:02,982 INFO ...done!
2018-12-08 23:22:02,982 INFO TRACE: load_data() finished
2018-12-08 23:22:02,982 INFO TRACE: Calling youtube_search() with ('TEDxTUM', 300), {'client': <googleapiclient.discovery.Resource object at 0x00000289D15A30F0>}
2018-12-08 23:22:03,005 INFO URL being requested: GET https://www.googleapis.com/youtube/v3/search?q=TEDxTUM%2A&maxResults=50&part=id%2Csnippet&type=video&channelId=UCsT0YIqwnpJCM-mx7-gSA4Q&key=AIzaSyCtwTLEto38mYTNtGciRwyKizhFaQv-Jcs&alt=json
2018-12-08 23:22:03,599 INFO URL being requested: GET https://www.googleapis.com/youtube/v3/search?q=TEDxTUM&maxResults=50&part=id%2Csnippet&type=video&pageToken=CDIQAA&key=AIzaSyCtwTLEto38mYTNtGciRwyKizhFaQv-Jcs&alt=json
2018-12-08 23:22:03,925 DEBUG Found new video: Loss of a Species – A Giant, Extinct | Thomas Hildebrandt | TEDxTUM
2018-12-08 23:22:03,926 DEBUG Found new video: Mega events and the developing world | James Mister | TEDxTUM
2018-12-08 23:22:03,926 DEBUG Found new video: TEDxTUM 2015 - FACETS
2018-12-08 23:22:03,926 DEBUG Found new video: A question of survival: Why we hunted the Higgs | Steven Goldfarb | TEDxTUM
2018-12-08 23:22:03,927 DEBUG Found new video: The Robotic Future of Elderly Care | Thomas Bock | TEDxTUM
2018-12-08 23:22:03,927 DEBUG Found new video: The Speaker | TEDxTUM 2016
2018-12-08 23:22:03,927 DEBUG Found new video: Design beyond the shape | Benoit Jacob | TEDxTUM
2018-12-08 23:22:03,927 DEBUG Found new video: Meet the TEDxTUM 2016 Team!
2018-12-08 23:22:03,927 DEBUG Found new video: A vision of the responsive city of the future | Gerhard Schmitt | TEDxTUM
2018-12-08 23:22:03,928 DEBUG Found new video: Stick Up: The layers of tape art | Max Zorn and Audrey Sykes | TEDxTUM
2018-12-08 23:22:03,928 DEBUG Found new video: TEDxTUM 2015 Organizing Team
2018-12-08 23:22:03,928 DEBUG Found new video: finding eXploration | TEDxTUM
2018-12-08 23:22:03,928 DEBUG Found new video: Laugh, Think, Cry, Laugh Again | Jessamyn Fairfield | TEDxTUM
2018-12-08 23:22:03,929 DEBUG Found new video: finding eXcitement | TEDxTUM
2018-12-08 23:22:03,929 DEBUG Found new video: TEDxTUM: Conscious Reflection (Music only)
2018-12-08 23:22:03,929 DEBUG Found new video: Jenny Rankin Speed Lists all 50 US States | TEDxTUM
2018-12-08 23:22:03,929 DEBUG Found new video: Stir, Blend, Disrupt: How Architects Think & What Managers Can Learn | Christos Chantzaras | TEDxTUM
2018-12-08 23:22:03,930 DEBUG Found new video: Team Event | TEDxTUM 2015
2018-12-08 23:22:03,930 DEBUG Found new video: TEDxTUM 2017 Ending | Jessamyn Fairfield's comedy summary of the talks
2018-12-08 23:22:03,930 DEBUG Found new video: The fascinating intelligence of birds | Auguste von Bayern | TEDxTUM
2018-12-08 23:22:03,930 DEBUG Found new video: Medical Augmented Reality: coming soon to (operating) theaters near you | Nassir Navab | TEDxTUM
2018-12-08 23:22:03,932 INFO URL being requested: GET https://www.googleapis.com/youtube/v3/search?q=TEDxTUM&maxResults=50&part=id%2Csnippet&type=video&pageToken=CGQQAA&key=AIzaSyCtwTLEto38mYTNtGciRwyKizhFaQv-Jcs&alt=json
2018-12-08 23:22:04,258 INFO URL being requested: GET https://www.googleapis.com/youtube/v3/search?q=TEDxTUM&maxResults=50&part=id%2Csnippet&type=video&pageToken=CJYBEAA&key=AIzaSyCtwTLEto38mYTNtGciRwyKizhFaQv-Jcs&alt=json
2018-12-08 23:22:04,671 DEBUG Found new video: Molecular machines of the future | Hendrik Dietz | TEDxTUMSalon
2018-12-08 23:22:04,673 INFO URL being requested: GET https://www.googleapis.com/youtube/v3/search?q=TEDxTUM&maxResults=50&part=id%2Csnippet&type=video&pageToken=CMgBEAA&key=AIzaSyCtwTLEto38mYTNtGciRwyKizhFaQv-Jcs&alt=json
2018-12-08 23:22:05,087 DEBUG Found new video: Science, art and the Big Bang | Judith Egger | TEDxTUMSalon
2018-12-08 23:22:05,087 INFO URL being requested: GET https://www.googleapis.com/youtube/v3/search?q=TEDxTUM&maxResults=50&part=id%2Csnippet&type=video&pageToken=CPoBEAA&key=AIzaSyCtwTLEto38mYTNtGciRwyKizhFaQv-Jcs&alt=json
2018-12-08 23:22:05,482 INFO URL being requested: GET https://www.googleapis.com/youtube/v3/search?q=TEDxTUM&maxResults=50&part=id%2Csnippet&type=video&pageToken=CKwCEAA&key=AIzaSyCtwTLEto38mYTNtGciRwyKizhFaQv-Jcs&alt=json
2018-12-08 23:22:05,944 INFO URL being requested: GET https://www.googleapis.com/youtube/v3/search?q=TEDxTUM&maxResults=50&part=id%2Csnippet&type=video&pageToken=CN4CEAA&key=AIzaSyCtwTLEto38mYTNtGciRwyKizhFaQv-Jcs&alt=json
2018-12-08 23:22:06,381 INFO URL being requested: GET https://www.googleapis.com/youtube/v3/search?q=TEDxTUM&maxResults=50&part=id%2Csnippet&type=video&pageToken=CJADEAA&key=AIzaSyCtwTLEto38mYTNtGciRwyKizhFaQv-Jcs&alt=json
2018-12-08 23:22:06,885 INFO URL being requested: GET https://www.googleapis.com/youtube/v3/search?q=TEDxTUM&maxResults=50&part=id%2Csnippet&type=video&pageToken=CMIDEAA&key=AIzaSyCtwTLEto38mYTNtGciRwyKizhFaQv-Jcs&alt=json
2018-12-08 23:22:07,516 INFO URL being requested: GET https://www.googleapis.com/youtube/v3/search?q=TEDxTUM&maxResults=50&part=id%2Csnippet&type=video&pageToken=CPQDEAA&key=AIzaSyCtwTLEto38mYTNtGciRwyKizhFaQv-Jcs&alt=json
2018-12-08 23:22:07,947 INFO URL being requested: GET https://www.googleapis.com/youtube/v3/search?q=TEDxTUM&maxResults=50&part=id%2Csnippet&type=video&pageToken=CKYEEAA&key=AIzaSyCtwTLEto38mYTNtGciRwyKizhFaQv-Jcs&alt=json
2018-12-08 23:22:08,432 INFO URL being requested: GET https://www.googleapis.com/youtube/v3/search?q=TEDxTUM&maxResults=50&part=id%2Csnippet&type=video&pageToken=CNgEEAA&key=AIzaSyCtwTLEto38mYTNtGciRwyKizhFaQv-Jcs&alt=json
2018-12-08 23:22:08,848 INFO URL being requested: GET https://www.googleapis.com/youtube/v3/search?q=TEDxTUM&maxResults=50&part=id%2Csnippet&type=video&pageToken=CIoFEAA&key=AIzaSyCtwTLEto38mYTNtGciRwyKizhFaQv-Jcs&alt=json
2018-12-08 23:22:09,271 INFO URL being requested: GET https://www.googleapis.com/youtube/v3/search?q=TEDxTUM&maxResults=50&part=id%2Csnippet&type=video&pageToken=CLwFEAA&key=AIzaSyCtwTLEto38mYTNtGciRwyKizhFaQv-Jcs&alt=json
2018-12-08 23:22:09,872 INFO URL being requested: GET https://www.googleapis.com/youtube/v3/search?q=TEDxTUM&maxResults=50&part=id%2Csnippet&type=video&pageToken=CO4FEAA&key=AIzaSyCtwTLEto38mYTNtGciRwyKizhFaQv-Jcs&alt=json
2018-12-08 23:22:10,315 INFO URL being requested: GET https://www.googleapis.com/youtube/v3/search?q=TEDxTUM&maxResults=50&part=id%2Csnippet&type=video&pageToken=CKAGEAA&key=AIzaSyCtwTLEto38mYTNtGciRwyKizhFaQv-Jcs&alt=json
2018-12-08 23:22:10,731 INFO URL being requested: GET https://www.googleapis.com/youtube/v3/search?q=TEDxTUM&maxResults=50&part=id%2Csnippet&type=video&pageToken=CNIGEAA&key=AIzaSyCtwTLEto38mYTNtGciRwyKizhFaQv-Jcs&alt=json
2018-12-08 23:22:11,147 INFO URL being requested: GET https://www.googleapis.com/youtube/v3/search?q=TEDxTUM&maxResults=50&part=id%2Csnippet&type=video&pageToken=CIQHEAA&key=AIzaSyCtwTLEto38mYTNtGciRwyKizhFaQv-Jcs&alt=json
2018-12-08 23:22:11,704 INFO URL being requested: GET https://www.googleapis.com/youtube/v3/search?q=TEDxTUM&maxResults=50&part=id%2Csnippet&type=video&pageToken=CLYHEAA&key=AIzaSyCtwTLEto38mYTNtGciRwyKizhFaQv-Jcs&alt=json
2018-12-08 23:22:12,166 INFO TRACE: youtube_search() finished
2018-12-08 23:22:12,167 INFO TRACE: Calling get_youtube_data() with ('iq5SLf6xPFQ,0qVOUD76JOg,iuIisjRIcVI,EJDpbsvWdsg,XnQHVXMhzBo,-guxUgF_eTU,Zark1jrC7EU,36186S-RsKY,myl722kHxbU,ab_yh2HoJ7o,NQ9uWbZ285Q,D6_J7FfgWVc,2B91UE0gHps,g17OHKBm50I,62aI5Oy4S4g,3Xpj5Gj9pgo,CFHvNNcEIDo,KCLdryjDl6E,twHCsVPupXo,k_BVvupSChc,sRVxPE1cguo,WGPQM1J7Jcw,YTKgizpzmtQ,Z2TQQhTx6EQ,0NDL0AgRK0c,NG2CsLrCCY8,HCjBM23nQ0s,3uLp0C6G__w,3DyrDKYhSi8,OKQ-mpv0tWI,O54JCIDqWwM,7b_7RXB3HnI,IDixuVrDABY,6MxbegZtAII,-NhZ4ioHb9E,m4w-FV6eERI,mK6IdD4GXPo,NG9NETZ0-G4,gPZc1fZcgL8,gnK7Lg56DjI,LQEbC8QfbyU,ke4lI_1xCrU,5SDZA06wO44,-NhZ4ioHb9E,ke4lI_1xCrU,q5Mc26ihCXc,5U6Cc1hmdY0,U5DoJ_jCt7E,fkxl1hSmb28,JR_DmkV4Jlw,PpiVaGPyDG4,76pnQkP-xG4,sRVxPE1cguo,TEQpfEb8vsE,YPMD7iNZT24,iaemojsQDFw,yY4gUvVYU8Q,IdRbCJzpIAM,3_ZXhYD9QJg,7b_7RXB3HnI,d_eaG5QcA_U,mxbfx7YXBIo,VxQ5R9-Jfm8,w-QoDqBMe2k,1E-QkFUAt5A,NfpGHOu9TIY', <googleapiclient.discovery.Resource object at 0x00000289D15A30F0>), {}
2018-12-08 23:22:12,181 INFO URL being requested: GET https://www.googleapis.com/youtube/v3/videos?part=id%2Csnippet%2C+statistics&id=iq5SLf6xPFQ&key=AIzaSyCtwTLEto38mYTNtGciRwyKizhFaQv-Jcs&alt=json
2018-12-08 23:22:12,269 INFO URL being requested: GET https://www.googleapis.com/youtube/v3/videos?part=id%2Csnippet%2C+statistics&id=0qVOUD76JOg&key=AIzaSyCtwTLEto38mYTNtGciRwyKizhFaQv-Jcs&alt=json
2018-12-08 23:22:12,359 INFO URL being requested: GET https://www.googleapis.com/youtube/v3/videos?part=id%2Csnippet%2C+statistics&id=iuIisjRIcVI&key=AIzaSyCtwTLEto38mYTNtGciRwyKizhFaQv-Jcs&alt=json
2018-12-08 23:22:12,439 INFO URL being requested: GET https://www.googleapis.com/youtube/v3/videos?part=id%2Csnippet%2C+statistics&id=EJDpbsvWdsg&key=AIzaSyCtwTLEto38mYTNtGciRwyKizhFaQv-Jcs&alt=json
2018-12-08 23:22:12,523 INFO URL being requested: GET https://www.googleapis.com/youtube/v3/videos?part=id%2Csnippet%2C+statistics&id=XnQHVXMhzBo&key=AIzaSyCtwTLEto38mYTNtGciRwyKizhFaQv-Jcs&alt=json
2018-12-08 23:22:12,612 INFO URL being requested: GET https://www.googleapis.com/youtube/v3/videos?part=id%2Csnippet%2C+statistics&id=-guxUgF_eTU&key=AIzaSyCtwTLEto38mYTNtGciRwyKizhFaQv-Jcs&alt=json
2018-12-08 23:22:12,700 INFO URL being requested: GET https://www.googleapis.com/youtube/v3/videos?part=id%2Csnippet%2C+statistics&id=Zark1jrC7EU&key=AIzaSyCtwTLEto38mYTNtGciRwyKizhFaQv-Jcs&alt=json
2018-12-08 23:22:12,792 INFO URL being requested: GET https://www.googleapis.com/youtube/v3/videos?part=id%2Csnippet%2C+statistics&id=36186S-RsKY&key=AIzaSyCtwTLEto38mYTNtGciRwyKizhFaQv-Jcs&alt=json
2018-12-08 23:22:12,874 INFO URL being requested: GET https://www.googleapis.com/youtube/v3/videos?part=id%2Csnippet%2C+statistics&id=myl722kHxbU&key=AIzaSyCtwTLEto38mYTNtGciRwyKizhFaQv-Jcs&alt=json
2018-12-08 23:22:12,973 INFO URL being requested: GET https://www.googleapis.com/youtube/v3/videos?part=id%2Csnippet%2C+statistics&id=ab_yh2HoJ7o&key=AIzaSyCtwTLEto38mYTNtGciRwyKizhFaQv-Jcs&alt=json
2018-12-08 23:22:13,065 INFO URL being requested: GET https://www.googleapis.com/youtube/v3/videos?part=id%2Csnippet%2C+statistics&id=NQ9uWbZ285Q&key=AIzaSyCtwTLEto38mYTNtGciRwyKizhFaQv-Jcs&alt=json
2018-12-08 23:22:13,159 INFO URL being requested: GET https://www.googleapis.com/youtube/v3/videos?part=id%2Csnippet%2C+statistics&id=D6_J7FfgWVc&key=AIzaSyCtwTLEto38mYTNtGciRwyKizhFaQv-Jcs&alt=json
2018-12-08 23:22:13,243 INFO URL being requested: GET https://www.googleapis.com/youtube/v3/videos?part=id%2Csnippet%2C+statistics&id=2B91UE0gHps&key=AIzaSyCtwTLEto38mYTNtGciRwyKizhFaQv-Jcs&alt=json
2018-12-08 23:22:13,348 INFO URL being requested: GET https://www.googleapis.com/youtube/v3/videos?part=id%2Csnippet%2C+statistics&id=g17OHKBm50I&key=AIzaSyCtwTLEto38mYTNtGciRwyKizhFaQv-Jcs&alt=json
2018-12-08 23:22:13,440 INFO URL being requested: GET https://www.googleapis.com/youtube/v3/videos?part=id%2Csnippet%2C+statistics&id=62aI5Oy4S4g&key=AIzaSyCtwTLEto38mYTNtGciRwyKizhFaQv-Jcs&alt=json
2018-12-08 23:22:13,523 INFO URL being requested: GET https://www.googleapis.com/youtube/v3/videos?part=id%2Csnippet%2C+statistics&id=3Xpj5Gj9pgo&key=AIzaSyCtwTLEto38mYTNtGciRwyKizhFaQv-Jcs&alt=json
2018-12-08 23:22:13,618 INFO URL being requested: GET https://www.googleapis.com/youtube/v3/videos?part=id%2Csnippet%2C+statistics&id=CFHvNNcEIDo&key=AIzaSyCtwTLEto38mYTNtGciRwyKizhFaQv-Jcs&alt=json
2018-12-08 23:22:13,699 INFO URL being requested: GET https://www.googleapis.com/youtube/v3/videos?part=id%2Csnippet%2C+statistics&id=KCLdryjDl6E&key=AIzaSyCtwTLEto38mYTNtGciRwyKizhFaQv-Jcs&alt=json
2018-12-08 23:22:13,785 INFO URL being requested: GET https://www.googleapis.com/youtube/v3/videos?part=id%2Csnippet%2C+statistics&id=twHCsVPupXo&key=AIzaSyCtwTLEto38mYTNtGciRwyKizhFaQv-Jcs&alt=json
2018-12-08 23:22:13,880 INFO URL being requested: GET https://www.googleapis.com/youtube/v3/videos?part=id%2Csnippet%2C+statistics&id=k_BVvupSChc&key=AIzaSyCtwTLEto38mYTNtGciRwyKizhFaQv-Jcs&alt=json
2018-12-08 23:22:13,960 INFO URL being requested: GET https://www.googleapis.com/youtube/v3/videos?part=id%2Csnippet%2C+statistics&id=sRVxPE1cguo&key=AIzaSyCtwTLEto38mYTNtGciRwyKizhFaQv-Jcs&alt=json
2018-12-08 23:22:14,050 INFO URL being requested: GET https://www.googleapis.com/youtube/v3/videos?part=id%2Csnippet%2C+statistics&id=WGPQM1J7Jcw&key=AIzaSyCtwTLEto38mYTNtGciRwyKizhFaQv-Jcs&alt=json
2018-12-08 23:22:14,131 INFO URL being requested: GET https://www.googleapis.com/youtube/v3/videos?part=id%2Csnippet%2C+statistics&id=YTKgizpzmtQ&key=AIzaSyCtwTLEto38mYTNtGciRwyKizhFaQv-Jcs&alt=json
2018-12-08 23:22:14,227 INFO URL being requested: GET https://www.googleapis.com/youtube/v3/videos?part=id%2Csnippet%2C+statistics&id=Z2TQQhTx6EQ&key=AIzaSyCtwTLEto38mYTNtGciRwyKizhFaQv-Jcs&alt=json
2018-12-08 23:22:14,328 INFO URL being requested: GET https://www.googleapis.com/youtube/v3/videos?part=id%2Csnippet%2C+statistics&id=0NDL0AgRK0c&key=AIzaSyCtwTLEto38mYTNtGciRwyKizhFaQv-Jcs&alt=json
2018-12-08 23:22:14,410 INFO URL being requested: GET https://www.googleapis.com/youtube/v3/videos?part=id%2Csnippet%2C+statistics&id=NG2CsLrCCY8&key=AIzaSyCtwTLEto38mYTNtGciRwyKizhFaQv-Jcs&alt=json
2018-12-08 23:22:14,500 INFO URL being requested: GET https://www.googleapis.com/youtube/v3/videos?part=id%2Csnippet%2C+statistics&id=HCjBM23nQ0s&key=AIzaSyCtwTLEto38mYTNtGciRwyKizhFaQv-Jcs&alt=json
2018-12-08 23:22:14,596 INFO URL being requested: GET https://www.googleapis.com/youtube/v3/videos?part=id%2Csnippet%2C+statistics&id=3uLp0C6G__w&key=AIzaSyCtwTLEto38mYTNtGciRwyKizhFaQv-Jcs&alt=json
2018-12-08 23:22:14,682 INFO URL being requested: GET https://www.googleapis.com/youtube/v3/videos?part=id%2Csnippet%2C+statistics&id=3DyrDKYhSi8&key=AIzaSyCtwTLEto38mYTNtGciRwyKizhFaQv-Jcs&alt=json
2018-12-08 23:22:14,790 INFO URL being requested: GET https://www.googleapis.com/youtube/v3/videos?part=id%2Csnippet%2C+statistics&id=OKQ-mpv0tWI&key=AIzaSyCtwTLEto38mYTNtGciRwyKizhFaQv-Jcs&alt=json
2018-12-08 23:22:14,879 INFO URL being requested: GET https://www.googleapis.com/youtube/v3/videos?part=id%2Csnippet%2C+statistics&id=O54JCIDqWwM&key=AIzaSyCtwTLEto38mYTNtGciRwyKizhFaQv-Jcs&alt=json
2018-12-08 23:22:14,970 INFO URL being requested: GET https://www.googleapis.com/youtube/v3/videos?part=id%2Csnippet%2C+statistics&id=7b_7RXB3HnI&key=AIzaSyCtwTLEto38mYTNtGciRwyKizhFaQv-Jcs&alt=json
2018-12-08 23:22:15,065 INFO URL being requested: GET https://www.googleapis.com/youtube/v3/videos?part=id%2Csnippet%2C+statistics&id=IDixuVrDABY&key=AIzaSyCtwTLEto38mYTNtGciRwyKizhFaQv-Jcs&alt=json
2018-12-08 23:22:15,151 INFO URL being requested: GET https://www.googleapis.com/youtube/v3/videos?part=id%2Csnippet%2C+statistics&id=6MxbegZtAII&key=AIzaSyCtwTLEto38mYTNtGciRwyKizhFaQv-Jcs&alt=json
2018-12-08 23:22:15,237 INFO URL being requested: GET https://www.googleapis.com/youtube/v3/videos?part=id%2Csnippet%2C+statistics&id=-NhZ4ioHb9E&key=AIzaSyCtwTLEto38mYTNtGciRwyKizhFaQv-Jcs&alt=json
2018-12-08 23:22:15,358 INFO URL being requested: GET https://www.googleapis.com/youtube/v3/videos?part=id%2Csnippet%2C+statistics&id=m4w-FV6eERI&key=AIzaSyCtwTLEto38mYTNtGciRwyKizhFaQv-Jcs&alt=json
2018-12-08 23:22:15,443 INFO URL being requested: GET https://www.googleapis.com/youtube/v3/videos?part=id%2Csnippet%2C+statistics&id=mK6IdD4GXPo&key=AIzaSyCtwTLEto38mYTNtGciRwyKizhFaQv-Jcs&alt=json
2018-12-08 23:22:15,547 INFO URL being requested: GET https://www.googleapis.com/youtube/v3/videos?part=id%2Csnippet%2C+statistics&id=NG9NETZ0-G4&key=AIzaSyCtwTLEto38mYTNtGciRwyKizhFaQv-Jcs&alt=json
2018-12-08 23:22:15,637 INFO URL being requested: GET https://www.googleapis.com/youtube/v3/videos?part=id%2Csnippet%2C+statistics&id=gPZc1fZcgL8&key=AIzaSyCtwTLEto38mYTNtGciRwyKizhFaQv-Jcs&alt=json
2018-12-08 23:22:15,717 INFO URL being requested: GET https://www.googleapis.com/youtube/v3/videos?part=id%2Csnippet%2C+statistics&id=gnK7Lg56DjI&key=AIzaSyCtwTLEto38mYTNtGciRwyKizhFaQv-Jcs&alt=json
2018-12-08 23:22:15,811 INFO URL being requested: GET https://www.googleapis.com/youtube/v3/videos?part=id%2Csnippet%2C+statistics&id=LQEbC8QfbyU&key=AIzaSyCtwTLEto38mYTNtGciRwyKizhFaQv-Jcs&alt=json
2018-12-08 23:22:15,906 INFO URL being requested: GET https://www.googleapis.com/youtube/v3/videos?part=id%2Csnippet%2C+statistics&id=ke4lI_1xCrU&key=AIzaSyCtwTLEto38mYTNtGciRwyKizhFaQv-Jcs&alt=json
2018-12-08 23:22:15,985 INFO URL being requested: GET https://www.googleapis.com/youtube/v3/videos?part=id%2Csnippet%2C+statistics&id=5SDZA06wO44&key=AIzaSyCtwTLEto38mYTNtGciRwyKizhFaQv-Jcs&alt=json
2018-12-08 23:22:16,082 INFO URL being requested: GET https://www.googleapis.com/youtube/v3/videos?part=id%2Csnippet%2C+statistics&id=-NhZ4ioHb9E&key=AIzaSyCtwTLEto38mYTNtGciRwyKizhFaQv-Jcs&alt=json
2018-12-08 23:22:16,167 INFO URL being requested: GET https://www.googleapis.com/youtube/v3/videos?part=id%2Csnippet%2C+statistics&id=ke4lI_1xCrU&key=AIzaSyCtwTLEto38mYTNtGciRwyKizhFaQv-Jcs&alt=json
2018-12-08 23:22:16,250 INFO URL being requested: GET https://www.googleapis.com/youtube/v3/videos?part=id%2Csnippet%2C+statistics&id=q5Mc26ihCXc&key=AIzaSyCtwTLEto38mYTNtGciRwyKizhFaQv-Jcs&alt=json
2018-12-08 23:22:16,332 INFO URL being requested: GET https://www.googleapis.com/youtube/v3/videos?part=id%2Csnippet%2C+statistics&id=5U6Cc1hmdY0&key=AIzaSyCtwTLEto38mYTNtGciRwyKizhFaQv-Jcs&alt=json
2018-12-08 23:22:16,441 INFO URL being requested: GET https://www.googleapis.com/youtube/v3/videos?part=id%2Csnippet%2C+statistics&id=U5DoJ_jCt7E&key=AIzaSyCtwTLEto38mYTNtGciRwyKizhFaQv-Jcs&alt=json
2018-12-08 23:22:16,526 INFO URL being requested: GET https://www.googleapis.com/youtube/v3/videos?part=id%2Csnippet%2C+statistics&id=fkxl1hSmb28&key=AIzaSyCtwTLEto38mYTNtGciRwyKizhFaQv-Jcs&alt=json
2018-12-08 23:22:16,621 INFO URL being requested: GET https://www.googleapis.com/youtube/v3/videos?part=id%2Csnippet%2C+statistics&id=JR_DmkV4Jlw&key=AIzaSyCtwTLEto38mYTNtGciRwyKizhFaQv-Jcs&alt=json
2018-12-08 23:22:16,717 INFO URL being requested: GET https://www.googleapis.com/youtube/v3/videos?part=id%2Csnippet%2C+statistics&id=PpiVaGPyDG4&key=AIzaSyCtwTLEto38mYTNtGciRwyKizhFaQv-Jcs&alt=json
2018-12-08 23:22:16,840 INFO URL being requested: GET https://www.googleapis.com/youtube/v3/videos?part=id%2Csnippet%2C+statistics&id=76pnQkP-xG4&key=AIzaSyCtwTLEto38mYTNtGciRwyKizhFaQv-Jcs&alt=json
2018-12-08 23:22:16,928 INFO URL being requested: GET https://www.googleapis.com/youtube/v3/videos?part=id%2Csnippet%2C+statistics&id=sRVxPE1cguo&key=AIzaSyCtwTLEto38mYTNtGciRwyKizhFaQv-Jcs&alt=json
2018-12-08 23:22:17,234 INFO URL being requested: GET https://www.googleapis.com/youtube/v3/videos?part=id%2Csnippet%2C+statistics&id=TEQpfEb8vsE&key=AIzaSyCtwTLEto38mYTNtGciRwyKizhFaQv-Jcs&alt=json
2018-12-08 23:22:17,344 INFO URL being requested: GET https://www.googleapis.com/youtube/v3/videos?part=id%2Csnippet%2C+statistics&id=YPMD7iNZT24&key=AIzaSyCtwTLEto38mYTNtGciRwyKizhFaQv-Jcs&alt=json
2018-12-08 23:22:17,464 INFO URL being requested: GET https://www.googleapis.com/youtube/v3/videos?part=id%2Csnippet%2C+statistics&id=iaemojsQDFw&key=AIzaSyCtwTLEto38mYTNtGciRwyKizhFaQv-Jcs&alt=json
2018-12-08 23:22:17,570 INFO URL being requested: GET https://www.googleapis.com/youtube/v3/videos?part=id%2Csnippet%2C+statistics&id=yY4gUvVYU8Q&key=AIzaSyCtwTLEto38mYTNtGciRwyKizhFaQv-Jcs&alt=json
2018-12-08 23:22:17,650 INFO URL being requested: GET https://www.googleapis.com/youtube/v3/videos?part=id%2Csnippet%2C+statistics&id=IdRbCJzpIAM&key=AIzaSyCtwTLEto38mYTNtGciRwyKizhFaQv-Jcs&alt=json
2018-12-08 23:22:17,742 INFO URL being requested: GET https://www.googleapis.com/youtube/v3/videos?part=id%2Csnippet%2C+statistics&id=3_ZXhYD9QJg&key=AIzaSyCtwTLEto38mYTNtGciRwyKizhFaQv-Jcs&alt=json
2018-12-08 23:22:17,834 INFO URL being requested: GET https://www.googleapis.com/youtube/v3/videos?part=id%2Csnippet%2C+statistics&id=7b_7RXB3HnI&key=AIzaSyCtwTLEto38mYTNtGciRwyKizhFaQv-Jcs&alt=json
2018-12-08 23:22:17,930 INFO URL being requested: GET https://www.googleapis.com/youtube/v3/videos?part=id%2Csnippet%2C+statistics&id=d_eaG5QcA_U&key=AIzaSyCtwTLEto38mYTNtGciRwyKizhFaQv-Jcs&alt=json
2018-12-08 23:22:18,028 INFO URL being requested: GET https://www.googleapis.com/youtube/v3/videos?part=id%2Csnippet%2C+statistics&id=mxbfx7YXBIo&key=AIzaSyCtwTLEto38mYTNtGciRwyKizhFaQv-Jcs&alt=json
2018-12-08 23:22:18,109 INFO URL being requested: GET https://www.googleapis.com/youtube/v3/videos?part=id%2Csnippet%2C+statistics&id=VxQ5R9-Jfm8&key=AIzaSyCtwTLEto38mYTNtGciRwyKizhFaQv-Jcs&alt=json
2018-12-08 23:22:18,202 INFO URL being requested: GET https://www.googleapis.com/youtube/v3/videos?part=id%2Csnippet%2C+statistics&id=w-QoDqBMe2k&key=AIzaSyCtwTLEto38mYTNtGciRwyKizhFaQv-Jcs&alt=json
2018-12-08 23:22:18,278 INFO URL being requested: GET https://www.googleapis.com/youtube/v3/videos?part=id%2Csnippet%2C+statistics&id=1E-QkFUAt5A&key=AIzaSyCtwTLEto38mYTNtGciRwyKizhFaQv-Jcs&alt=json
2018-12-08 23:22:18,369 INFO URL being requested: GET https://www.googleapis.com/youtube/v3/videos?part=id%2Csnippet%2C+statistics&id=NfpGHOu9TIY&key=AIzaSyCtwTLEto38mYTNtGciRwyKizhFaQv-Jcs&alt=json
2018-12-08 23:22:18,450 INFO TRACE: get_youtube_data() finished
2018-12-08 23:22:18,456 INFO TRACE: Calling load_data() with ('C:\\Users\\Julian\\GitHub\\TEDx-YTT\\tedx-ytt-statistics.csv', ['Date', 'Metric']), {}
2018-12-08 23:22:18,456 INFO Loading old data from C:\Users\Julian\GitHub\TEDx-YTT\tedx-ytt-statistics.csv
2018-12-08 23:22:18,459 INFO ...done!
2018-12-08 23:22:18,459 INFO TRACE: load_data() finished
2018-12-08 23:22:18,479 INFO TRACE: Calling calc_stats() with (                       Comment Count Dislikes Favourite Count  Likes  \
Date       ID                                                          
2018-12-08 iq5SLf6xPFQ           568       86               0  16539   
           0qVOUD76JOg           122       68               0   3158   
           iuIisjRIcVI            81      162               0   4495   
           EJDpbsvWdsg           119      221               0   1043   
           XnQHVXMhzBo            13        4               0    189   
           -guxUgF_eTU             3        8               0     59   
           Zark1jrC7EU             2        0               0     19   
           36186S-RsKY             9        5               0    112   
           myl722kHxbU            15        3               0    139   
           ab_yh2HoJ7o             4       14               0     51   
           NQ9uWbZ285Q             1        1               0     32   
           D6_J7FfgWVc            96      277               0   4077   
           2B91UE0gHps             0        0               0      3   
           g17OHKBm50I             0        0               0      5   
           62aI5Oy4S4g             4        1               0     28   
           3Xpj5Gj9pgo             0        0               0     34   
           CFHvNNcEIDo             0        1               0      9   
           KCLdryjDl6E            95      208               0   4087   
           twHCsVPupXo             4        6               0     93   
           k_BVvupSChc            42       22               0    204   
           sRVxPE1cguo             4        2               0     70   
           WGPQM1J7Jcw            19        7               0     82   
           YTKgizpzmtQ             1        3               0     16   
           Z2TQQhTx6EQ             3        0               0     36   
           0NDL0AgRK0c             1        0               0     20   
           NG2CsLrCCY8             1        6               0     28   
           HCjBM23nQ0s             2        2               0     72   
           3uLp0C6G__w           216       46               0   1477   
           3DyrDKYhSi8             0        3               0    119   
           OKQ-mpv0tWI             3        0               0     21   
...                              ...      ...             ...    ...   
           mK6IdD4GXPo             4        2               0    364   
           NG9NETZ0-G4             0        0               0      4   
           gPZc1fZcgL8             4        5               0     19   
           gnK7Lg56DjI             0        0               0     22   
           LQEbC8QfbyU             3       15               0     92   
           ke4lI_1xCrU             2        4               0     18   
           5SDZA06wO44             1        1               0     11   
           -NhZ4ioHb9E             0        0               0     15   
           ke4lI_1xCrU             2        4               0     18   
           q5Mc26ihCXc             0        0               0      2   
           5U6Cc1hmdY0             2        3               0     56   
           U5DoJ_jCt7E             0        1               0     20   
           fkxl1hSmb28             0        0               0     19   
           JR_DmkV4Jlw             0        0               0     49   
           PpiVaGPyDG4             0        0               0      2   
           76pnQkP-xG4             1        0               0     67   
           sRVxPE1cguo             4        2               0     70   
           TEQpfEb8vsE             0        0               0      4   
           YPMD7iNZT24             0        0               0      6   
           iaemojsQDFw             1        1               0     26   
           yY4gUvVYU8Q             0        0               0      1   
           IdRbCJzpIAM             0        0               0      0   
           3_ZXhYD9QJg             0        1               0      8   
           7b_7RXB3HnI             0        0               0     14   
           d_eaG5QcA_U             0        0               0      6   
           mxbfx7YXBIo             0        0               0      9   
           VxQ5R9-Jfm8             0        0               0      0   
           w-QoDqBMe2k             1        3               0     80   
           1E-QkFUAt5A             2        0               0     22   
           NfpGHOu9TIY             0        1               0     11   

                                    Published on  \
Date       ID                                      
2018-12-08 iq5SLf6xPFQ  2018-02-21T21:46:59.000Z   
           0qVOUD76JOg  2015-12-07T19:46:38.000Z   
           iuIisjRIcVI  2017-02-09T19:43:41.000Z   
           EJDpbsvWdsg  2017-02-14T15:28:53.000Z   
           XnQHVXMhzBo  2016-01-05T16:34:27.000Z   
           -guxUgF_eTU  2015-12-22T18:36:24.000Z   
           Zark1jrC7EU  2014-07-23T18:55:49.000Z   
           36186S-RsKY  2016-01-29T16:28:55.000Z   
           myl722kHxbU  2015-12-26T20:36:51.000Z   
           ab_yh2HoJ7o  2017-02-10T17:11:20.000Z   
           NQ9uWbZ285Q  2017-02-09T19:43:40.000Z   
           D6_J7FfgWVc  2018-02-21T21:50:47.000Z   
           2B91UE0gHps  2017-02-14T15:28:51.000Z   
           g17OHKBm50I  2018-02-21T21:48:18.000Z   
           62aI5Oy4S4g  2018-02-21T21:48:51.000Z   
           3Xpj5Gj9pgo  2016-01-18T18:34:08.000Z   
           CFHvNNcEIDo  2017-02-14T15:28:52.000Z   
           KCLdryjDl6E  2017-02-10T17:11:16.000Z   
           twHCsVPupXo  2018-02-21T21:55:05.000Z   
           k_BVvupSChc  2018-02-21T21:54:28.000Z   
           sRVxPE1cguo  2016-02-02T21:04:07.000Z   
           WGPQM1J7Jcw  2018-02-21T21:55:30.000Z   
           YTKgizpzmtQ  2014-07-23T18:55:49.000Z   
           Z2TQQhTx6EQ  2016-01-12T20:04:05.000Z   
           0NDL0AgRK0c  2018-02-21T21:53:50.000Z   
           NG2CsLrCCY8  2017-02-10T17:11:17.000Z   
           HCjBM23nQ0s  2016-01-08T21:08:32.000Z   
           3uLp0C6G__w  2017-02-10T17:11:15.000Z   
           3DyrDKYhSi8  2015-12-14T18:43:42.000Z   
           OKQ-mpv0tWI  2018-02-21T21:45:45.000Z   
...                                          ...   
           mK6IdD4GXPo  2015-12-29T19:05:20.000Z   
           NG9NETZ0-G4  2018-02-21T21:44:13.000Z   
           gPZc1fZcgL8  2015-12-09T22:29:50.000Z   
           gnK7Lg56DjI  2016-01-03T06:04:47.000Z   
           LQEbC8QfbyU  2014-07-25T22:15:03.000Z   
           ke4lI_1xCrU  2014-07-25T22:15:03.000Z   
           5SDZA06wO44  2016-01-25T19:41:49.000Z   
           -NhZ4ioHb9E  2018-02-21T21:53:10.000Z   
           ke4lI_1xCrU  2014-07-25T22:15:03.000Z   
           q5Mc26ihCXc  2015-08-16T14:50:17.000Z   
           5U6Cc1hmdY0  2015-12-18T15:51:53.000Z   
           U5DoJ_jCt7E  2018-02-21T21:46:38.000Z   
           fkxl1hSmb28  2016-04-24T08:22:28.000Z   
           JR_DmkV4Jlw  2014-07-25T22:15:03.000Z   
           PpiVaGPyDG4  2016-10-23T17:24:58.000Z   
           76pnQkP-xG4  2017-02-10T17:11:17.000Z   
           sRVxPE1cguo  2016-02-02T21:04:07.000Z   
           TEQpfEb8vsE  2015-08-06T08:06:47.000Z   
           YPMD7iNZT24  2016-07-17T10:53:38.000Z   
           iaemojsQDFw  2018-02-21T21:54:07.000Z   
           yY4gUvVYU8Q  2016-06-19T12:02:51.000Z   
           IdRbCJzpIAM  2018-10-02T08:19:26.000Z   
           3_ZXhYD9QJg  2015-12-01T16:39:38.000Z   
           7b_7RXB3HnI  2018-02-21T21:49:45.000Z   
           d_eaG5QcA_U  2015-05-25T21:18:34.000Z   
           mxbfx7YXBIo  2018-02-22T09:05:14.000Z   
           VxQ5R9-Jfm8  2018-01-24T20:39:47.000Z   
           w-QoDqBMe2k  2017-02-10T19:55:43.000Z   
           1E-QkFUAt5A  2018-09-08T15:30:00.000Z   
           NfpGHOu9TIY  2018-09-08T15:30:00.000Z   

                                                                     Tags  \
Date       ID                                                               
2018-12-08 iq5SLf6xPFQ  TEDxTalks,English,Life,Career,Exploration,Life...   
           0qVOUD76JOg  TEDxTalks,English,Germany,Technology,AI,Art,Co...   
           iuIisjRIcVI  TEDxTalks,English,Germany,Life,Achievement,Ant...   
           EJDpbsvWdsg  TEDxTalks,English,Germany,Entertainment,Aging,...   
           XnQHVXMhzBo  TEDxTalks,English,Germany,Entertainment,Medita...   
           -guxUgF_eTU  TEDxTalks,English,Germany,Entertainment,Art,Co...   
           Zark1jrC7EU  ted,Health,tedx,ted x,Science (hard),tedx talk...   
           36186S-RsKY  TEDxTalks,English,Germany,Design,Classroom,Dat...   
           myl722kHxbU  TEDxTalks,English,Germany,Life,Change,Communit...   
           ab_yh2HoJ7o  TEDxTalks,English,Germany,Technology,Aging,Bio...   
           NQ9uWbZ285Q  TEDxTalks,English,Germany,Education,Adventure,...   
           D6_J7FfgWVc  TEDxTalks,English,Life,Community,Compassion,Em...   
           2B91UE0gHps       TEDxTalks,English,Germany,Entertainment,Band   
           g17OHKBm50I  TEDxTalks,English,Technology,Computers,Design,...   
           62aI5Oy4S4g  TEDxTalks,English,Global Issues,Activism,Caree...   
           3Xpj5Gj9pgo  TEDxTalks,English,Germany,Social Science,Behav...   
           CFHvNNcEIDo  TEDxTalks,English,Germany,Entertainment,Dance ...   
           KCLdryjDl6E  TEDxTalks,English,Germany,Education,Consciousn...   
           twHCsVPupXo  TEDxTalks,English,Global Issues,Activism,Art,C...   
           k_BVvupSChc  TEDxTalks,English,Science (hard),AIDS,Future,G...   
           sRVxPE1cguo  TEDxTalks,English,Germany,Art,Brand,Communicat...   
           WGPQM1J7Jcw  TEDxTalks,English,Science (hard),Exploration,P...   
           YTKgizpzmtQ  Humanities,ted,Social Justice,Sociology,Medici...   
           Z2TQQhTx6EQ  TEDxTalks,English,Germany,Life,Choice,Compassi...   
           0NDL0AgRK0c  TEDxTalks,English,Technology,Computers,Future,...   
           NG2CsLrCCY8  TEDxTalks,English,Germany,Health,Big problems,...   
           HCjBM23nQ0s  TEDxTalks,English,Germany,Technology,AI,Cognit...   
           3uLp0C6G__w  TEDxTalks,English,Germany,Science (hard),Anima...   
           3DyrDKYhSi8  TEDxTalks,English,Germany,Business,Communicati...   
           OKQ-mpv0tWI  TEDxTalks,English,Health,3D Technology,Entrepr...   
...                                                                   ...   
           mK6IdD4GXPo  TEDxTalks,English,Germany,Global Issues,Activi...   
           NG9NETZ0-G4  TEDxTalks,German,Life,Activism,Art,Career,Deci...   
           gPZc1fZcgL8  TEDxTalks,English,Germany,Global Issues,Activi...   
           gnK7Lg56DjI  TEDxTalks,English,Germany,Health,Activism,Big ...   
           LQEbC8QfbyU  TEDxTalks,ted talk,Computer Science,Germany,te...   
           ke4lI_1xCrU  English,Germany,ted talk,Global Issues,Social ...   
           5SDZA06wO44  TEDxTalks,English,Germany,Entertainment,Art,Cr...   
           -NhZ4ioHb9E  TEDxTalks,English,Global Issues,Activism,Anima...   
           ke4lI_1xCrU  English,Germany,ted talk,Global Issues,Social ...   
           q5Mc26ihCXc  TED,TEDx,TEDxTUM,TUM,Technical University Of M...   
           5U6Cc1hmdY0  TEDxTalks,English,Germany,Science (hard),Big p...   
           U5DoJ_jCt7E  TEDxTalks,English,Technology,Elderly,Future,In...   
           fkxl1hSmb28  ted,tedx,funny,comedy,sketch,tum,technische un...   
           JR_DmkV4Jlw  English,Germany,Computer Science,ted talk,Life...   
           PpiVaGPyDG4                    tedx,ted talks,inspiration,team   
           76pnQkP-xG4  TEDxTalks,English,Germany,Technology,Big Data,...   
           sRVxPE1cguo  TEDxTalks,English,Germany,Art,Brand,Communicat...   
           TEQpfEb8vsE  TEDxTUM,TEDx,TUM,Technical University Of Munic...   
           YPMD7iNZT24  TED Talks,TEDx,Technische Universität München,...   
           iaemojsQDFw  TEDxTalks,English,Life,Cancer,Communication,Co...   
           yY4gUvVYU8Q                                            N,O,N,E   
           IdRbCJzpIAM                       TED,TEDxTUM,Music,Orchestral   
           3_ZXhYD9QJg  TEDxTUM,TUM,TED,TEDx,FACETS,TEDxTUM2015,IdeasW...   
           7b_7RXB3HnI  TEDxTalks,English,Design,Architecture,Business...   
           d_eaG5QcA_U                                tedx,tu münchen,tum   
           mxbfx7YXBIo     tedx,tedxtum,comedy,performance,improv,ukulele   
           VxQ5R9-Jfm8  Dokumentation,Doku,Dokumentarfilm,Reportage,TV...   
           w-QoDqBMe2k  TEDxTalks,English,Germany,Technology,3D Techno...   
           1E-QkFUAt5A  TEDxTalks,English,Science (hard),Biology,Chemi...   
           NfpGHOu9TIY  TEDxTalks,English,Art,Biology,Biomechanics,Cre...   

                                                               Thumbnail  \
Date       ID                                                              
2018-12-08 iq5SLf6xPFQ  https://i.ytimg.com/vi/iq5SLf6xPFQ/mqdefault.jpg   
           0qVOUD76JOg  https://i.ytimg.com/vi/0qVOUD76JOg/mqdefault.jpg   
           iuIisjRIcVI  https://i.ytimg.com/vi/iuIisjRIcVI/mqdefault.jpg   
           EJDpbsvWdsg  https://i.ytimg.com/vi/EJDpbsvWdsg/mqdefault.jpg   
           XnQHVXMhzBo  https://i.ytimg.com/vi/XnQHVXMhzBo/mqdefault.jpg   
           -guxUgF_eTU  https://i.ytimg.com/vi/-guxUgF_eTU/mqdefault.jpg   
           Zark1jrC7EU  https://i.ytimg.com/vi/Zark1jrC7EU/mqdefault.jpg   
           36186S-RsKY  https://i.ytimg.com/vi/36186S-RsKY/mqdefault.jpg   
           myl722kHxbU  https://i.ytimg.com/vi/myl722kHxbU/mqdefault.jpg   
           ab_yh2HoJ7o  https://i.ytimg.com/vi/ab_yh2HoJ7o/mqdefault.jpg   
           NQ9uWbZ285Q  https://i.ytimg.com/vi/NQ9uWbZ285Q/mqdefault.jpg   
           D6_J7FfgWVc  https://i.ytimg.com/vi/D6_J7FfgWVc/mqdefault.jpg   
           2B91UE0gHps  https://i.ytimg.com/vi/2B91UE0gHps/mqdefault.jpg   
           g17OHKBm50I  https://i.ytimg.com/vi/g17OHKBm50I/mqdefault.jpg   
           62aI5Oy4S4g  https://i.ytimg.com/vi/62aI5Oy4S4g/mqdefault.jpg   
           3Xpj5Gj9pgo  https://i.ytimg.com/vi/3Xpj5Gj9pgo/mqdefault.jpg   
           CFHvNNcEIDo  https://i.ytimg.com/vi/CFHvNNcEIDo/mqdefault.jpg   
           KCLdryjDl6E  https://i.ytimg.com/vi/KCLdryjDl6E/mqdefault.jpg   
           twHCsVPupXo  https://i.ytimg.com/vi/twHCsVPupXo/mqdefault.jpg   
           k_BVvupSChc  https://i.ytimg.com/vi/k_BVvupSChc/mqdefault.jpg   
           sRVxPE1cguo  https://i.ytimg.com/vi/sRVxPE1cguo/mqdefault.jpg   
           WGPQM1J7Jcw  https://i.ytimg.com/vi/WGPQM1J7Jcw/mqdefault.jpg   
           YTKgizpzmtQ  https://i.ytimg.com/vi/YTKgizpzmtQ/mqdefault.jpg   
           Z2TQQhTx6EQ  https://i.ytimg.com/vi/Z2TQQhTx6EQ/mqdefault.jpg   
           0NDL0AgRK0c  https://i.ytimg.com/vi/0NDL0AgRK0c/mqdefault.jpg   
           NG2CsLrCCY8  https://i.ytimg.com/vi/NG2CsLrCCY8/mqdefault.jpg   
           HCjBM23nQ0s  https://i.ytimg.com/vi/HCjBM23nQ0s/mqdefault.jpg   
           3uLp0C6G__w  https://i.ytimg.com/vi/3uLp0C6G__w/mqdefault.jpg   
           3DyrDKYhSi8  https://i.ytimg.com/vi/3DyrDKYhSi8/mqdefault.jpg   
           OKQ-mpv0tWI  https://i.ytimg.com/vi/OKQ-mpv0tWI/mqdefault.jpg   
...                                                                  ...   
           mK6IdD4GXPo  https://i.ytimg.com/vi/mK6IdD4GXPo/mqdefault.jpg   
           NG9NETZ0-G4  https://i.ytimg.com/vi/NG9NETZ0-G4/mqdefault.jpg   
           gPZc1fZcgL8  https://i.ytimg.com/vi/gPZc1fZcgL8/mqdefault.jpg   
           gnK7Lg56DjI  https://i.ytimg.com/vi/gnK7Lg56DjI/mqdefault.jpg   
           LQEbC8QfbyU  https://i.ytimg.com/vi/LQEbC8QfbyU/mqdefault.jpg   
           ke4lI_1xCrU  https://i.ytimg.com/vi/ke4lI_1xCrU/mqdefault.jpg   
           5SDZA06wO44  https://i.ytimg.com/vi/5SDZA06wO44/mqdefault.jpg   
           -NhZ4ioHb9E  https://i.ytimg.com/vi/-NhZ4ioHb9E/mqdefault.jpg   
           ke4lI_1xCrU  https://i.ytimg.com/vi/ke4lI_1xCrU/mqdefault.jpg   
           q5Mc26ihCXc  https://i.ytimg.com/vi/q5Mc26ihCXc/mqdefault.jpg   
           5U6Cc1hmdY0  https://i.ytimg.com/vi/5U6Cc1hmdY0/mqdefault.jpg   
           U5DoJ_jCt7E  https://i.ytimg.com/vi/U5DoJ_jCt7E/mqdefault.jpg   
           fkxl1hSmb28  https://i.ytimg.com/vi/fkxl1hSmb28/mqdefault.jpg   
           JR_DmkV4Jlw  https://i.ytimg.com/vi/JR_DmkV4Jlw/mqdefault.jpg   
           PpiVaGPyDG4  https://i.ytimg.com/vi/PpiVaGPyDG4/mqdefault.jpg   
           76pnQkP-xG4  https://i.ytimg.com/vi/76pnQkP-xG4/mqdefault.jpg   
           sRVxPE1cguo  https://i.ytimg.com/vi/sRVxPE1cguo/mqdefault.jpg   
           TEQpfEb8vsE  https://i.ytimg.com/vi/TEQpfEb8vsE/mqdefault.jpg   
           YPMD7iNZT24  https://i.ytimg.com/vi/YPMD7iNZT24/mqdefault.jpg   
           iaemojsQDFw  https://i.ytimg.com/vi/iaemojsQDFw/mqdefault.jpg   
           yY4gUvVYU8Q  https://i.ytimg.com/vi/yY4gUvVYU8Q/mqdefault.jpg   
           IdRbCJzpIAM  https://i.ytimg.com/vi/IdRbCJzpIAM/mqdefault.jpg   
           3_ZXhYD9QJg  https://i.ytimg.com/vi/3_ZXhYD9QJg/mqdefault.jpg   
           7b_7RXB3HnI  https://i.ytimg.com/vi/7b_7RXB3HnI/mqdefault.jpg   
           d_eaG5QcA_U  https://i.ytimg.com/vi/d_eaG5QcA_U/mqdefault.jpg   
           mxbfx7YXBIo  https://i.ytimg.com/vi/mxbfx7YXBIo/mqdefault.jpg   
           VxQ5R9-Jfm8  https://i.ytimg.com/vi/VxQ5R9-Jfm8/mqdefault.jpg   
           w-QoDqBMe2k  https://i.ytimg.com/vi/w-QoDqBMe2k/mqdefault.jpg   
           1E-QkFUAt5A  https://i.ytimg.com/vi/1E-QkFUAt5A/mqdefault.jpg   
           NfpGHOu9TIY  https://i.ytimg.com/vi/NfpGHOu9TIY/mqdefault.jpg   

                                                                    Title  \
Date       ID                                                               
2018-12-08 iq5SLf6xPFQ  Are you living the life you want to live? | Ta...   
           0qVOUD76JOg   The art of neural networks | Mike Tyka | TEDxTUM   
           iuIisjRIcVI  Motivate yourself with visions, goals and will...   
           EJDpbsvWdsg  Born in Ireland, made in Germany | Mel Kelly |...   
           XnQHVXMhzBo                    Opus Epicus | Mandara | TEDxTUM   
           -guxUgF_eTU          Live Improv Theater | Bake This | TEDxTUM   
           Zark1jrC7EU  Personalized health -- harnessing the power of...   
           36186S-RsKY  Why data should be over-the-counter | Jenny Ra...   
           myl722kHxbU  Feeling welcomed and empowered | Essraa Nawar ...   
           ab_yh2HoJ7o  Building our future with synthetic biology | J...   
           NQ9uWbZ285Q  How to create passioneers | Steffie Limère | T...   
           D6_J7FfgWVc  6 Steps to Improve Your Emotional Intelligence...   
           2B91UE0gHps      Acoustic Performance | Peak to Peak | TEDxTUM   
           g17OHKBm50I  Less queuing, more safety - the power of crowd...   
           62aI5Oy4S4g  The Glue That Holds Society Together | Jürgen ...   
           3Xpj5Gj9pgo  What virtual reality can tell us about human n...   
           CFHvNNcEIDo  Contemporary & Jazz Dance | Alina Groder & Sun...   
           KCLdryjDl6E  Memory techniques - Your secret weapon in the ...   
           twHCsVPupXo  Cultural Fashion: Transform the Fashion Indust...   
           k_BVvupSChc  HIV - Curing the Incurable | Daniel Aaron Dona...   
           sRVxPE1cguo  Stick Up: The layers of tape art | Max Zorn an...   
           WGPQM1J7Jcw  What Is Inside a Neutron Star? | Laura Fabbiet...   
           YTKgizpzmtQ  There can be no human 2.0 without a humanity 2...   
           Z2TQQhTx6EQ  What I do to live the life I want | Petra Dorf...   
           0NDL0AgRK0c  Deep Learning Beyond Cats and Dogs | Nils Thue...   
           NG2CsLrCCY8  A health system that works for everybody | Sab...   
           HCjBM23nQ0s  Robots that learn from us | Dongheui Lee | TED...   
           3uLp0C6G__w  The fascinating intelligence of birds | August...   
           3DyrDKYhSi8  The natural way of managing leaders | Erik Rin...   
           OKQ-mpv0tWI  The Perfect Fit - Individualized, Fashionable,...   
...                                                                   ...   
           mK6IdD4GXPo  The time is now for a sustainable food revolut...   
           NG9NETZ0-G4  How to Change the World With Courage, Intuitio...   
           gPZc1fZcgL8  Refugees - a homemade challenge | Melusine Rei...   
           gnK7Lg56DjI  How patient innovation improves lives | Pedro ...   
           LQEbC8QfbyU  Robots with muscles: inspired by nature | Rafa...   
           ke4lI_1xCrU  Mega events and the developing world | James M...   
           5SDZA06wO44  Contemporary Ballet | Munich International Bal...   
           -NhZ4ioHb9E  Loss of a Species – A Giant, Extinct | Thomas ...   
           ke4lI_1xCrU  Mega events and the developing world | James M...   
           q5Mc26ihCXc                              TEDxTUM 2015 - FACETS   
           5U6Cc1hmdY0  A question of survival: Why we hunted the Higg...   
           U5DoJ_jCt7E  The Robotic Future of Elderly Care | Thomas Bo...   
           fkxl1hSmb28                         The Speaker | TEDxTUM 2016   
           JR_DmkV4Jlw   Design beyond the shape | Benoit Jacob | TEDxTUM   
           PpiVaGPyDG4                        Meet the TEDxTUM 2016 Team!   
           76pnQkP-xG4  A vision of the responsive city of the future ...   
           sRVxPE1cguo  Stick Up: The layers of tape art | Max Zorn an...   
           TEQpfEb8vsE                       TEDxTUM 2015 Organizing Team   
           YPMD7iNZT24                      finding eXploration | TEDxTUM   
           iaemojsQDFw  Laugh, Think, Cry, Laugh Again | Jessamyn Fair...   
           yY4gUvVYU8Q                       finding eXcitement | TEDxTUM   
           IdRbCJzpIAM         TEDxTUM: Conscious Reflection (Music only)   
           3_ZXhYD9QJg  Jenny Rankin Speed Lists all 50 US States | TE...   
           7b_7RXB3HnI  Stir, Blend, Disrupt: How Architects Think & W...   
           d_eaG5QcA_U                          Team Event | TEDxTUM 2015   
           mxbfx7YXBIo  TEDxTUM 2017 Ending | Jessamyn Fairfield's com...   
           VxQ5R9-Jfm8  The fascinating intelligence of birds | August...   
           w-QoDqBMe2k  Medical Augmented Reality: coming soon to (ope...   
           1E-QkFUAt5A  Molecular machines of the future | Hendrik Die...   
           NfpGHOu9TIY  Science, art and the Big Bang | Judith Egger |...   

                         Views  
Date       ID                   
2018-12-08 iq5SLf6xPFQ  222802  
           0qVOUD76JOg  211263  
           iuIisjRIcVI  270699  
           EJDpbsvWdsg  124077  
           XnQHVXMhzBo   13072  
           -guxUgF_eTU    6866  
           Zark1jrC7EU    2338  
           36186S-RsKY   10867  
           myl722kHxbU    7902  
           ab_yh2HoJ7o    3153  
           NQ9uWbZ285Q    2616  
           D6_J7FfgWVc  302877  
           2B91UE0gHps     520  
           g17OHKBm50I     372  
           62aI5Oy4S4g    1301  
           3Xpj5Gj9pgo    2438  
           CFHvNNcEIDo     783  
           KCLdryjDl6E  383979  
           twHCsVPupXo    2738  
           k_BVvupSChc   18212  
           sRVxPE1cguo    6980  
           WGPQM1J7Jcw    5670  
           YTKgizpzmtQ    2410  
           Z2TQQhTx6EQ    2117  
           0NDL0AgRK0c     861  
           NG2CsLrCCY8    5022  
           HCjBM23nQ0s    5475  
           3uLp0C6G__w   93056  
           3DyrDKYhSi8   10697  
           OKQ-mpv0tWI     720  
...                        ...  
           mK6IdD4GXPo   66028  
           NG9NETZ0-G4     290  
           gPZc1fZcgL8    1723  
           gnK7Lg56DjI    1792  
           LQEbC8QfbyU   12701  
           ke4lI_1xCrU    3861  
           5SDZA06wO44    2021  
           -NhZ4ioHb9E     806  
           ke4lI_1xCrU    3861  
           q5Mc26ihCXc     402  
           5U6Cc1hmdY0    4222  
           U5DoJ_jCt7E    1035  
           fkxl1hSmb28     997  
           JR_DmkV4Jlw    5250  
           PpiVaGPyDG4     414  
           76pnQkP-xG4    4729  
           sRVxPE1cguo    6980  
           TEQpfEb8vsE     510  
           YPMD7iNZT24     249  
           iaemojsQDFw     934  
           yY4gUvVYU8Q     234  
           IdRbCJzpIAM      20  
           3_ZXhYD9QJg     336  
           7b_7RXB3HnI     786  
           d_eaG5QcA_U     165  
           mxbfx7YXBIo     256  
           VxQ5R9-Jfm8      36  
           w-QoDqBMe2k    6548  
           1E-QkFUAt5A     866  
           NfpGHOu9TIY     516  

[66 rows x 9 columns],), {}
2018-12-08 23:22:18,495 INFO TRACE: calc_stats() finished
2018-12-08 23:22:18,498 INFO Saving data ...
2018-12-08 23:22:18,503 INFO ...done!
2018-12-08 23:22:18,503 INFO Saving config ...
2018-12-08 23:22:18,504 INFO ...done!
2018-12-08 23:22:18,504 INFO Done with everything!
