2018-10-25 16:04:57,089 WARNING file_cache is unavailable when using oauth2client >= 4.0.0 or google-auth
Traceback (most recent call last):
  File "C:\Users\ga27jaf\AppData\Local\Continuum\Anaconda3\lib\site-packages\googleapiclient\discovery_cache\__init__.py", line 36, in autodetect
    from google.appengine.api import memcache
ModuleNotFoundError: No module named 'google.appengine'

During handling of the above exception, another exception occurred:

Traceback (most recent call last):
  File "C:\Users\ga27jaf\AppData\Local\Continuum\Anaconda3\lib\site-packages\googleapiclient\discovery_cache\file_cache.py", line 33, in <module>
    from oauth2client.contrib.locked_file import LockedFile
ModuleNotFoundError: No module named 'oauth2client'

During handling of the above exception, another exception occurred:

Traceback (most recent call last):
  File "C:\Users\ga27jaf\AppData\Local\Continuum\Anaconda3\lib\site-packages\googleapiclient\discovery_cache\file_cache.py", line 37, in <module>
    from oauth2client.locked_file import LockedFile
ModuleNotFoundError: No module named 'oauth2client'

During handling of the above exception, another exception occurred:

Traceback (most recent call last):
  File "C:\Users\ga27jaf\AppData\Local\Continuum\Anaconda3\lib\site-packages\googleapiclient\discovery_cache\__init__.py", line 41, in autodetect
    from . import file_cache
  File "C:\Users\ga27jaf\AppData\Local\Continuum\Anaconda3\lib\site-packages\googleapiclient\discovery_cache\file_cache.py", line 41, in <module>
    'file_cache is unavailable when using oauth2client >= 4.0.0 or google-auth')
ImportError: file_cache is unavailable when using oauth2client >= 4.0.0 or google-auth
2018-10-25 16:04:57,093 INFO URL being requested: GET https://www.googleapis.com/discovery/v1/apis/youtube/v3/rest
2018-10-25 16:04:58,266 INFO TRACE: Calling load_data() with ('tedxroma-output.csv', ['Date', 'ID']), {}
2018-10-25 16:04:58,268 INFO Loading old data from tedxroma-output.csv
2018-10-25 16:04:58,274 WARNING File tedxroma-output.csv does not exist! Continuing without loading old data.
2018-10-25 16:04:58,276 INFO ...done!
2018-10-25 16:04:58,278 INFO TRACE: Calling youtube_search() with ('tedxroma', 200), {'client': <googleapiclient.discovery.Resource object at 0x000000000715BF60>}
2018-10-25 16:04:58,282 INFO URL being requested: GET https://www.googleapis.com/youtube/v3/search?q=tedxroma&maxResults=50&part=id%2Csnippet&type=video&key=AIzaSyCtwTLEto38mYTNtGciRwyKizhFaQv-Jcs&alt=json
2018-10-25 16:04:58,683 INFO URL being requested: GET https://www.googleapis.com/youtube/v3/search?q=tedxroma&maxResults=50&part=id%2Csnippet&type=video&pageToken=CDIQAA&key=AIzaSyCtwTLEto38mYTNtGciRwyKizhFaQv-Jcs&alt=json
2018-10-25 16:04:59,069 DEBUG Found new video: Green materials for a greener world: Athanassia Athanassiou at TEDxRoma
2018-10-25 16:04:59,071 DEBUG Found new video: Moving Borders | ANGELO BELLOBONO | TEDxRoma
2018-10-25 16:04:59,072 DEBUG Found new video: El Greco in Medio Sud: Miltos Manetas at TEDxRoma
2018-10-25 16:04:59,074 DEBUG Found new video: Can business make the world a better place? Yadin Kaufmann at TEDxRoma
2018-10-25 16:04:59,075 DEBUG Found new video: Eternal current: Kristin Jones/Kentridge at TEDxRoma
2018-10-25 16:04:59,077 DEBUG Found new video: The 21° century of light | Sir David Payne | TEDxRoma
2018-10-25 16:04:59,079 DEBUG Found new video: Architettura nell'errore: Stefano Pujatti at TEDxRoma
2018-10-25 16:04:59,080 DEBUG Found new video: Una vita, molte vite: Maria Vittoria Rava at TEDxRoma
2018-10-25 16:04:59,082 DEBUG Found new video: “Sconfiniamoci” | JEAN-PIERRE DARNIS | TEDxRoma
2018-10-25 16:04:59,083 DEBUG Found new video: When music speaks, everybody understands | PAOLO PETROCELLI | TEDxRoma
2018-10-25 16:04:59,085 DEBUG Found new video: TEDxRoma: Derrick De Kerckhove
2018-10-25 16:04:59,086 DEBUG Found new video: Living for Art, the future of copyright | DAVID NIMMER | TEDxRoma
2018-10-25 16:04:59,088 DEBUG Found new video: RadioSapienza per TEDxRoma - Intervista a Ismael Cala
2018-10-25 16:04:59,090 DEBUG Found new video: Brand and intangible assets. A new Eldorado for culture? | Julien Anfruns | TEDxRoma
2018-10-25 16:04:59,091 DEBUG Found new video: The tale of a city and its fish | Defne Koryurek | TEDxRoma
2018-10-25 16:04:59,093 DEBUG Found new video: The basic rules of game changing | Derrick de Kerckhove | TEDxRoma
2018-10-25 16:04:59,094 DEBUG Found new video: The new/old way to better business and life | JESUS VEGA | TEDxRoma
2018-10-25 16:04:59,096 DEBUG Found new video: The new Carthage | ALIA MAHMOUD | TEDxRoma
2018-10-25 16:04:59,098 DEBUG Found new video: L'impossibile inevitabile: Mario Tronco at TEDxRoma
2018-10-25 16:04:59,099 DEBUG Found new video: Augmented dance | Laura Kriefman | TEDxRoma
2018-10-25 16:04:59,101 DEBUG Found new video: Invisible cities of visible infrastructure | Tarik Oulalaou | TEDxRoma
2018-10-25 16:04:59,103 DEBUG Found new video: The evolution of energy | ANNA CAROLINA TORTORA | TEDxRoma
2018-10-25 16:04:59,105 DEBUG Found new video: TEDxRoma: Giuseppe Testa
2018-10-25 16:04:59,108 DEBUG Found new video: RadioSapienza per TEDxRoma - Interviste ai partecipanti / organizzatori del progetto
2018-10-25 16:04:59,110 DEBUG Found new video: TEDxRoma 2017
2018-10-25 16:04:59,112 DEBUG Found new video: In search of stargazers and dream-doers | DAVID MUNIR NABTI | TEDxRoma
2018-10-25 16:04:59,113 DEBUG Found new video: The urban transition and why we need it | SAMANTH SUBRAMANIAN | TEDxRoma
2018-10-25 16:04:59,115 DEBUG Found new video: Giovanni Corazza for TEDxRoma
2018-10-25 16:04:59,116 DEBUG Found new video: Cos'è successo al TEDxRoma 2018 le statue di Roma prendono vita - Workengo
2018-10-25 16:04:59,118 DEBUG Found new video: RadioSapienza per TEDxRoma - Intervista a Dario D'Aprile
2018-10-25 16:04:59,129 DEBUG Found new video: I.T. identity test and food clinic: Davide Scabin at TEDxRoma
2018-10-25 16:04:59,131 DEBUG Found new video: Made in mediterranean | ILANA EFRATI | TEDxRoma
2018-10-25 16:04:59,132 DEBUG Found new video: RadioSapienza per TEDxRoma - Intervista a Raluca Andrea Hartea
2018-10-25 16:04:59,134 DEBUG Found new video: TEDxRoma: Stefano Pepe
2018-10-25 16:04:59,135 DEBUG Found new video: TEDxRoma 2018 - Esperanto
2018-10-25 16:04:59,137 DEBUG Found new video: From Network Neutrality to Network Self-determination | Luca Belli | TEDxRoma
2018-10-25 16:04:59,138 DEBUG Found new video: The culture of gift-giving in Malawi -- and my art | Samson Kambalu | TEDxRoma
2018-10-25 16:04:59,140 DEBUG Found new video: TEDxRoma: Jeremy Wyatt
2018-10-25 16:04:59,142 DEBUG Found new video: Realizing a dream with Mediterranean values | ANTONIOS VAVOULIOTIS | TEDxRoma
2018-10-25 16:04:59,143 DEBUG Found new video: TEDxRoma i protagonisti delle passate edizioni
2018-10-25 16:04:59,145 DEBUG Found new video: The care and feeding of hedgefoxes: Peter Lunenfeld at TEDxRoma
2018-10-25 16:04:59,146 DEBUG Found new video: #TEDxRoma Crystal, Intelligenza Artificiale si presenta.
2018-10-25 16:04:59,148 DEBUG Found new video: The Buried Life for TEDxRoma
2018-10-25 16:04:59,151 DEBUG Found new video: From Tipperary to Cairo: an unusual learning experience | CHLOE TEEVAN | TEDxRoma
2018-10-25 16:04:59,153 INFO URL being requested: GET https://www.googleapis.com/youtube/v3/search?q=tedxroma&maxResults=50&part=id%2Csnippet&type=video&pageToken=CGQQAA&key=AIzaSyCtwTLEto38mYTNtGciRwyKizhFaQv-Jcs&alt=json
2018-10-25 16:04:59,558 DEBUG Found new video: Changing the music game | Carl Craig | TEDxRoma
2018-10-25 16:04:59,560 DEBUG Found new video: TEDxRoma 2015
2018-10-25 16:04:59,561 DEBUG Found new video: TEDxRoma: Guglielmo Lanzani
2018-10-25 16:04:59,563 DEBUG Found new video: RadioSapienza per TEDxRoma - Intervista a Cameron Brown
2018-10-25 16:04:59,564 DEBUG Found new video: Athanassia Athanassiou for TEDxRoma
2018-10-25 16:04:59,566 DEBUG Found new video: GOLDeN ATTICO TV. TEDxROMA 2018
2018-10-25 16:04:59,568 DEBUG Found new video: RadioSapienza per TEDxRoma - Intervista a Richard Watkins
2018-10-25 16:04:59,570 DEBUG Found new video: TEDxRoma: Laura Kriefman
2018-10-25 16:04:59,571 DEBUG Found new video: TEDxRoma: Gabriele Mainetti
2018-10-25 16:04:59,572 DEBUG Found new video: TEDxRoma: Sir David Payne
2018-10-25 16:04:59,574 DEBUG Found new video: ALLA NUVOLA DELL EUR TORNA TEDXROMA 2018
2018-10-25 16:04:59,575 DEBUG Found new video: TEDxRoma Sarah El Mahi
2018-10-25 16:04:59,576 DEBUG Found new video: TEDxRoma 2016 - Intervista speciale ai Modern Farmers nella Ford Vignale Lounge
2018-10-25 16:04:59,578 DEBUG Found new video: Le Macchine Volanti a TEDxRoma
2018-10-25 16:04:59,579 DEBUG Found new video: RETESOLE TG LAZIO Presentato il TEDxRoma: “2037 – The future is our present”
2018-10-25 16:04:59,590 DEBUG Found new video: TEDxRoma Crystal, Intelligenza Artificiale si presenta
2018-10-25 16:04:59,591 DEBUG Found new video: Econocom digital gifts for TEDxRoma 09/04/2016
2018-10-25 16:04:59,593 DEBUG Found new video: Gruppo bancario Iccrea main partner del 4° TEDxRoma
2018-10-25 16:04:59,595 DEBUG Found new video: Intervista a Emilia Garito, organizer e curatrice TEDxRoma
2018-10-25 16:04:59,608 DEBUG Found new video: TEDxRoma: l'entusiasmo dei giovani partecipanti
2018-10-25 16:04:59,610 DEBUG Found new video: How long shall we wait  for green industry in Algeria | NASMA BOUCHELKIA & SALIHA MOULFI | TEDxRoma
2018-10-25 16:04:59,612 DEBUG Found new video: The future of commerce, from ancient Rome to virtual reality | MORGAN LINTON | TEDxRoma
2018-10-25 16:04:59,615 INFO URL being requested: GET https://www.googleapis.com/youtube/v3/search?q=tedxroma&maxResults=50&part=id%2Csnippet&type=video&pageToken=CJYBEAA&key=AIzaSyCtwTLEto38mYTNtGciRwyKizhFaQv-Jcs&alt=json
2018-10-25 16:04:59,928 INFO URL being requested: GET https://www.googleapis.com/youtube/v3/search?q=tedxroma&maxResults=50&part=id%2Csnippet&type=video&pageToken=CMgBEAA&key=AIzaSyCtwTLEto38mYTNtGciRwyKizhFaQv-Jcs&alt=json
2018-10-25 16:05:00,261 INFO URL being requested: GET https://www.googleapis.com/youtube/v3/search?q=tedxroma&maxResults=50&part=id%2Csnippet&type=video&pageToken=CPoBEAA&key=AIzaSyCtwTLEto38mYTNtGciRwyKizhFaQv-Jcs&alt=json
2018-10-25 16:05:00,564 INFO URL being requested: GET https://www.googleapis.com/youtube/v3/search?q=tedxroma&maxResults=50&part=id%2Csnippet&type=video&pageToken=CKwCEAA&key=AIzaSyCtwTLEto38mYTNtGciRwyKizhFaQv-Jcs&alt=json
2018-10-25 16:05:00,858 INFO URL being requested: GET https://www.googleapis.com/youtube/v3/search?q=tedxroma&maxResults=50&part=id%2Csnippet&type=video&pageToken=CN4CEAA&key=AIzaSyCtwTLEto38mYTNtGciRwyKizhFaQv-Jcs&alt=json
2018-10-25 16:05:01,209 INFO URL being requested: GET https://www.googleapis.com/youtube/v3/search?q=tedxroma&maxResults=50&part=id%2Csnippet&type=video&pageToken=CJADEAA&key=AIzaSyCtwTLEto38mYTNtGciRwyKizhFaQv-Jcs&alt=json
2018-10-25 16:05:01,565 INFO URL being requested: GET https://www.googleapis.com/youtube/v3/search?q=tedxroma&maxResults=50&part=id%2Csnippet&type=video&pageToken=CMIDEAA&key=AIzaSyCtwTLEto38mYTNtGciRwyKizhFaQv-Jcs&alt=json
2018-10-25 16:05:02,051 INFO URL being requested: GET https://www.googleapis.com/youtube/v3/search?q=tedxroma&maxResults=50&part=id%2Csnippet&type=video&pageToken=CPQDEAA&key=AIzaSyCtwTLEto38mYTNtGciRwyKizhFaQv-Jcs&alt=json
2018-10-25 16:05:02,539 INFO URL being requested: GET https://www.googleapis.com/youtube/v3/search?q=tedxroma&maxResults=50&part=id%2Csnippet&type=video&pageToken=CKYEEAA&key=AIzaSyCtwTLEto38mYTNtGciRwyKizhFaQv-Jcs&alt=json
2018-10-25 16:05:02,986 INFO URL being requested: GET https://www.googleapis.com/youtube/v3/search?q=tedxroma&maxResults=50&part=id%2Csnippet&type=video&pageToken=CNgEEAA&key=AIzaSyCtwTLEto38mYTNtGciRwyKizhFaQv-Jcs&alt=json
2018-10-25 16:05:03,454 INFO URL being requested: GET https://www.googleapis.com/youtube/v3/search?q=tedxroma&maxResults=50&part=id%2Csnippet&type=video&pageToken=CIoFEAA&key=AIzaSyCtwTLEto38mYTNtGciRwyKizhFaQv-Jcs&alt=json
2018-10-25 16:05:03,793 INFO URL being requested: GET https://www.googleapis.com/youtube/v3/search?q=tedxroma&maxResults=50&part=id%2Csnippet&type=video&pageToken=CLwFEAA&key=AIzaSyCtwTLEto38mYTNtGciRwyKizhFaQv-Jcs&alt=json
2018-10-25 16:05:04,163 INFO URL being requested: GET https://www.googleapis.com/youtube/v3/search?q=tedxroma&maxResults=50&part=id%2Csnippet&type=video&pageToken=CO4FEAA&key=AIzaSyCtwTLEto38mYTNtGciRwyKizhFaQv-Jcs&alt=json
2018-10-25 16:05:04,561 INFO URL being requested: GET https://www.googleapis.com/youtube/v3/search?q=tedxroma&maxResults=50&part=id%2Csnippet&type=video&pageToken=CKAGEAA&key=AIzaSyCtwTLEto38mYTNtGciRwyKizhFaQv-Jcs&alt=json
2018-10-25 16:05:04,902 INFO URL being requested: GET https://www.googleapis.com/youtube/v3/search?q=tedxroma&maxResults=50&part=id%2Csnippet&type=video&pageToken=CNIGEAA&key=AIzaSyCtwTLEto38mYTNtGciRwyKizhFaQv-Jcs&alt=json
2018-10-25 16:05:05,348 INFO URL being requested: GET https://www.googleapis.com/youtube/v3/search?q=tedxroma&maxResults=50&part=id%2Csnippet&type=video&pageToken=CIQHEAA&key=AIzaSyCtwTLEto38mYTNtGciRwyKizhFaQv-Jcs&alt=json
2018-10-25 16:05:05,884 INFO URL being requested: GET https://www.googleapis.com/youtube/v3/search?q=tedxroma&maxResults=50&part=id%2Csnippet&type=video&pageToken=CLYHEAA&key=AIzaSyCtwTLEto38mYTNtGciRwyKizhFaQv-Jcs&alt=json
2018-10-25 16:05:06,241 INFO TRACE: Calling get_youtube_data() with ('yjIAshJsVBc,oyUx2-yTOLA,bEusrD8g-dM,lbSPieYbS7E,pYGeNI_vLuY,D4WQpNuGa4o,C6t0iMVeXb4,HBa8XvkzaxQ,sy7AG8-_HI4,ZsHQCk46IvI,oMMhgJ_Vpwk,xLUhFWE-5fU,Z5H9uGSZTyk,cCDAoa9EtxI,czl6nmEVcXQ,ZBml_XtjCZU,meh9O8Qzzn4,rf3imYVetWo,HY1pWK81sFM,v79NjsH8zH0,ao1KPuIauUk,GHxo5kTgqHo,1Cbny5-4X5I,qDVokm_XS3I,iI2uJTIywso,b6kFJ82wuv0,9aWBkTSN2sY,GV0A82TCrf0,hy4Yo5SJ6sA,iBpcouLt0ks,rC2Kpbac26M,VMlmYnb9OIM,b1Q_EdvRpwI,SlPs_MbO-Io,FH_2PwGblDA,HqUZSdZJ1Po,LjjQWWEk0zQ,IRSF9cLMbqU,dVMpEqfjk3c,JAxLIu0OXRY,SVZ-9DBFN3w,YhzmKjTC5q8,jAKeEs-KCD8,6bzncMFSkmQ,ROi-zb-e2T8,xjkMihwmM6U,f8PDjCu4cb8,4kTRt3bGWfc,lpcClXfhWaY,shWj4w8wSG4,gT1DIb1a8LM,dKymcLkJPko,gQBDPm8fwLw,pdZTiHB3ET4,TgrgX3wau7g,H9gcbzkT50o,sJV_-FMMbf8,mx0CaXsi_MM,gZEID06GLco,FSLoidQdAuM,N72TsEIyjB8,7nDvFWCVHEY,YtZorSoavfA,k3r5jaFMl1A,LmmIv0sIGqM,Mlph5K4xtvs,YyG0jgKeC0c,DcUvQwoNWtc,28ePdBRH6xA,omNiHjt8Lt8,P4sZMzWnsnU,k3DHnpXKHjs,gPH9WmAXFBY,3mRI5BipBL0,zsGGB-aSjWE,lNkdCI1-9fk,4lQSK1yb4-s,rigau308ShI,K_04xqishy8,luxRwkM5GHg,01fOB_gEUCI,5lO9BhHav6g,4tw2O0-yp0g,T9DsJeKGotA,2-xlBqbNzGU,7oJROgtozIM,rDKH5KPkwQE,ZqBJW7ZEnAM,S_1bYhNaeyI,J_aKuQ_z40A,IY1VJnuBhAU,yj9Uw9mOMgk,L4ghn4bB9VI,xOx82BnWAuc,7YKNK__fRY8,IEgG3Z2kQ3Q,xD8kL2b2QpQ,xVOoJ6cuHOw,mRt4UevbbWA,IPyXSwMYt6E,kmccuAfT5sQ,i_l-zk4DGuw,rzTEzNejjL0,c9z07y0sfxc,vV-7enG2xhc,RpzjKQvzlLs,vDYvR_0Gqx8,FQ0LtT3s8W0,p4odibtCCWA,sEFhpeRPBtg,CCbJtq1A8JY,8meryKCSXM0,l0IWPhQ37ZU,sKTnMhUxBNk,fwY_1jyEzmU,nyAcQuFWRuU', <googleapiclient.discovery.Resource object at 0x000000000715BF60>), {}
2018-10-25 16:05:06,256 INFO URL being requested: GET https://www.googleapis.com/youtube/v3/videos?part=id%2Csnippet%2C+statistics&id=yjIAshJsVBc&key=AIzaSyCtwTLEto38mYTNtGciRwyKizhFaQv-Jcs&alt=json
2018-10-25 16:05:06,337 INFO URL being requested: GET https://www.googleapis.com/youtube/v3/videos?part=id%2Csnippet%2C+statistics&id=oyUx2-yTOLA&key=AIzaSyCtwTLEto38mYTNtGciRwyKizhFaQv-Jcs&alt=json
2018-10-25 16:05:06,420 INFO URL being requested: GET https://www.googleapis.com/youtube/v3/videos?part=id%2Csnippet%2C+statistics&id=bEusrD8g-dM&key=AIzaSyCtwTLEto38mYTNtGciRwyKizhFaQv-Jcs&alt=json
2018-10-25 16:05:06,487 INFO URL being requested: GET https://www.googleapis.com/youtube/v3/videos?part=id%2Csnippet%2C+statistics&id=lbSPieYbS7E&key=AIzaSyCtwTLEto38mYTNtGciRwyKizhFaQv-Jcs&alt=json
2018-10-25 16:05:06,546 INFO URL being requested: GET https://www.googleapis.com/youtube/v3/videos?part=id%2Csnippet%2C+statistics&id=pYGeNI_vLuY&key=AIzaSyCtwTLEto38mYTNtGciRwyKizhFaQv-Jcs&alt=json
2018-10-25 16:05:06,628 INFO URL being requested: GET https://www.googleapis.com/youtube/v3/videos?part=id%2Csnippet%2C+statistics&id=D4WQpNuGa4o&key=AIzaSyCtwTLEto38mYTNtGciRwyKizhFaQv-Jcs&alt=json
2018-10-25 16:05:06,700 INFO URL being requested: GET https://www.googleapis.com/youtube/v3/videos?part=id%2Csnippet%2C+statistics&id=C6t0iMVeXb4&key=AIzaSyCtwTLEto38mYTNtGciRwyKizhFaQv-Jcs&alt=json
2018-10-25 16:05:06,791 INFO URL being requested: GET https://www.googleapis.com/youtube/v3/videos?part=id%2Csnippet%2C+statistics&id=HBa8XvkzaxQ&key=AIzaSyCtwTLEto38mYTNtGciRwyKizhFaQv-Jcs&alt=json
2018-10-25 16:05:06,865 INFO URL being requested: GET https://www.googleapis.com/youtube/v3/videos?part=id%2Csnippet%2C+statistics&id=sy7AG8-_HI4&key=AIzaSyCtwTLEto38mYTNtGciRwyKizhFaQv-Jcs&alt=json
2018-10-25 16:05:06,952 INFO URL being requested: GET https://www.googleapis.com/youtube/v3/videos?part=id%2Csnippet%2C+statistics&id=ZsHQCk46IvI&key=AIzaSyCtwTLEto38mYTNtGciRwyKizhFaQv-Jcs&alt=json
2018-10-25 16:05:07,028 INFO URL being requested: GET https://www.googleapis.com/youtube/v3/videos?part=id%2Csnippet%2C+statistics&id=oMMhgJ_Vpwk&key=AIzaSyCtwTLEto38mYTNtGciRwyKizhFaQv-Jcs&alt=json
2018-10-25 16:05:07,098 INFO URL being requested: GET https://www.googleapis.com/youtube/v3/videos?part=id%2Csnippet%2C+statistics&id=xLUhFWE-5fU&key=AIzaSyCtwTLEto38mYTNtGciRwyKizhFaQv-Jcs&alt=json
2018-10-25 16:05:07,187 INFO URL being requested: GET https://www.googleapis.com/youtube/v3/videos?part=id%2Csnippet%2C+statistics&id=Z5H9uGSZTyk&key=AIzaSyCtwTLEto38mYTNtGciRwyKizhFaQv-Jcs&alt=json
2018-10-25 16:05:07,256 INFO URL being requested: GET https://www.googleapis.com/youtube/v3/videos?part=id%2Csnippet%2C+statistics&id=cCDAoa9EtxI&key=AIzaSyCtwTLEto38mYTNtGciRwyKizhFaQv-Jcs&alt=json
2018-10-25 16:05:07,344 INFO URL being requested: GET https://www.googleapis.com/youtube/v3/videos?part=id%2Csnippet%2C+statistics&id=czl6nmEVcXQ&key=AIzaSyCtwTLEto38mYTNtGciRwyKizhFaQv-Jcs&alt=json
2018-10-25 16:05:07,426 INFO URL being requested: GET https://www.googleapis.com/youtube/v3/videos?part=id%2Csnippet%2C+statistics&id=ZBml_XtjCZU&key=AIzaSyCtwTLEto38mYTNtGciRwyKizhFaQv-Jcs&alt=json
2018-10-25 16:05:07,496 INFO URL being requested: GET https://www.googleapis.com/youtube/v3/videos?part=id%2Csnippet%2C+statistics&id=meh9O8Qzzn4&key=AIzaSyCtwTLEto38mYTNtGciRwyKizhFaQv-Jcs&alt=json
2018-10-25 16:05:07,559 INFO URL being requested: GET https://www.googleapis.com/youtube/v3/videos?part=id%2Csnippet%2C+statistics&id=rf3imYVetWo&key=AIzaSyCtwTLEto38mYTNtGciRwyKizhFaQv-Jcs&alt=json
2018-10-25 16:05:07,633 INFO URL being requested: GET https://www.googleapis.com/youtube/v3/videos?part=id%2Csnippet%2C+statistics&id=HY1pWK81sFM&key=AIzaSyCtwTLEto38mYTNtGciRwyKizhFaQv-Jcs&alt=json
2018-10-25 16:05:07,701 INFO URL being requested: GET https://www.googleapis.com/youtube/v3/videos?part=id%2Csnippet%2C+statistics&id=v79NjsH8zH0&key=AIzaSyCtwTLEto38mYTNtGciRwyKizhFaQv-Jcs&alt=json
2018-10-25 16:05:07,771 INFO URL being requested: GET https://www.googleapis.com/youtube/v3/videos?part=id%2Csnippet%2C+statistics&id=ao1KPuIauUk&key=AIzaSyCtwTLEto38mYTNtGciRwyKizhFaQv-Jcs&alt=json
2018-10-25 16:05:07,847 INFO URL being requested: GET https://www.googleapis.com/youtube/v3/videos?part=id%2Csnippet%2C+statistics&id=GHxo5kTgqHo&key=AIzaSyCtwTLEto38mYTNtGciRwyKizhFaQv-Jcs&alt=json
2018-10-25 16:05:07,905 INFO URL being requested: GET https://www.googleapis.com/youtube/v3/videos?part=id%2Csnippet%2C+statistics&id=1Cbny5-4X5I&key=AIzaSyCtwTLEto38mYTNtGciRwyKizhFaQv-Jcs&alt=json
2018-10-25 16:05:07,969 INFO URL being requested: GET https://www.googleapis.com/youtube/v3/videos?part=id%2Csnippet%2C+statistics&id=qDVokm_XS3I&key=AIzaSyCtwTLEto38mYTNtGciRwyKizhFaQv-Jcs&alt=json
2018-10-25 16:05:08,031 INFO URL being requested: GET https://www.googleapis.com/youtube/v3/videos?part=id%2Csnippet%2C+statistics&id=iI2uJTIywso&key=AIzaSyCtwTLEto38mYTNtGciRwyKizhFaQv-Jcs&alt=json
2018-10-25 16:05:08,095 INFO URL being requested: GET https://www.googleapis.com/youtube/v3/videos?part=id%2Csnippet%2C+statistics&id=b6kFJ82wuv0&key=AIzaSyCtwTLEto38mYTNtGciRwyKizhFaQv-Jcs&alt=json
2018-10-25 16:05:08,194 INFO URL being requested: GET https://www.googleapis.com/youtube/v3/videos?part=id%2Csnippet%2C+statistics&id=9aWBkTSN2sY&key=AIzaSyCtwTLEto38mYTNtGciRwyKizhFaQv-Jcs&alt=json
2018-10-25 16:05:08,254 INFO URL being requested: GET https://www.googleapis.com/youtube/v3/videos?part=id%2Csnippet%2C+statistics&id=GV0A82TCrf0&key=AIzaSyCtwTLEto38mYTNtGciRwyKizhFaQv-Jcs&alt=json
2018-10-25 16:05:08,322 INFO URL being requested: GET https://www.googleapis.com/youtube/v3/videos?part=id%2Csnippet%2C+statistics&id=hy4Yo5SJ6sA&key=AIzaSyCtwTLEto38mYTNtGciRwyKizhFaQv-Jcs&alt=json
2018-10-25 16:05:08,397 INFO URL being requested: GET https://www.googleapis.com/youtube/v3/videos?part=id%2Csnippet%2C+statistics&id=iBpcouLt0ks&key=AIzaSyCtwTLEto38mYTNtGciRwyKizhFaQv-Jcs&alt=json
2018-10-25 16:05:08,473 INFO URL being requested: GET https://www.googleapis.com/youtube/v3/videos?part=id%2Csnippet%2C+statistics&id=rC2Kpbac26M&key=AIzaSyCtwTLEto38mYTNtGciRwyKizhFaQv-Jcs&alt=json
2018-10-25 16:05:08,537 INFO URL being requested: GET https://www.googleapis.com/youtube/v3/videos?part=id%2Csnippet%2C+statistics&id=VMlmYnb9OIM&key=AIzaSyCtwTLEto38mYTNtGciRwyKizhFaQv-Jcs&alt=json
2018-10-25 16:05:08,692 INFO URL being requested: GET https://www.googleapis.com/youtube/v3/videos?part=id%2Csnippet%2C+statistics&id=b1Q_EdvRpwI&key=AIzaSyCtwTLEto38mYTNtGciRwyKizhFaQv-Jcs&alt=json
2018-10-25 16:05:08,753 INFO URL being requested: GET https://www.googleapis.com/youtube/v3/videos?part=id%2Csnippet%2C+statistics&id=SlPs_MbO-Io&key=AIzaSyCtwTLEto38mYTNtGciRwyKizhFaQv-Jcs&alt=json
2018-10-25 16:05:08,834 INFO URL being requested: GET https://www.googleapis.com/youtube/v3/videos?part=id%2Csnippet%2C+statistics&id=FH_2PwGblDA&key=AIzaSyCtwTLEto38mYTNtGciRwyKizhFaQv-Jcs&alt=json
2018-10-25 16:05:08,913 INFO URL being requested: GET https://www.googleapis.com/youtube/v3/videos?part=id%2Csnippet%2C+statistics&id=HqUZSdZJ1Po&key=AIzaSyCtwTLEto38mYTNtGciRwyKizhFaQv-Jcs&alt=json
2018-10-25 16:05:08,983 INFO URL being requested: GET https://www.googleapis.com/youtube/v3/videos?part=id%2Csnippet%2C+statistics&id=LjjQWWEk0zQ&key=AIzaSyCtwTLEto38mYTNtGciRwyKizhFaQv-Jcs&alt=json
2018-10-25 16:05:09,054 INFO URL being requested: GET https://www.googleapis.com/youtube/v3/videos?part=id%2Csnippet%2C+statistics&id=IRSF9cLMbqU&key=AIzaSyCtwTLEto38mYTNtGciRwyKizhFaQv-Jcs&alt=json
2018-10-25 16:05:09,136 INFO URL being requested: GET https://www.googleapis.com/youtube/v3/videos?part=id%2Csnippet%2C+statistics&id=dVMpEqfjk3c&key=AIzaSyCtwTLEto38mYTNtGciRwyKizhFaQv-Jcs&alt=json
2018-10-25 16:05:09,214 INFO URL being requested: GET https://www.googleapis.com/youtube/v3/videos?part=id%2Csnippet%2C+statistics&id=JAxLIu0OXRY&key=AIzaSyCtwTLEto38mYTNtGciRwyKizhFaQv-Jcs&alt=json
2018-10-25 16:05:09,298 INFO URL being requested: GET https://www.googleapis.com/youtube/v3/videos?part=id%2Csnippet%2C+statistics&id=SVZ-9DBFN3w&key=AIzaSyCtwTLEto38mYTNtGciRwyKizhFaQv-Jcs&alt=json
2018-10-25 16:05:09,365 INFO URL being requested: GET https://www.googleapis.com/youtube/v3/videos?part=id%2Csnippet%2C+statistics&id=YhzmKjTC5q8&key=AIzaSyCtwTLEto38mYTNtGciRwyKizhFaQv-Jcs&alt=json
2018-10-25 16:05:09,440 INFO URL being requested: GET https://www.googleapis.com/youtube/v3/videos?part=id%2Csnippet%2C+statistics&id=jAKeEs-KCD8&key=AIzaSyCtwTLEto38mYTNtGciRwyKizhFaQv-Jcs&alt=json
2018-10-25 16:05:09,499 INFO URL being requested: GET https://www.googleapis.com/youtube/v3/videos?part=id%2Csnippet%2C+statistics&id=6bzncMFSkmQ&key=AIzaSyCtwTLEto38mYTNtGciRwyKizhFaQv-Jcs&alt=json
2018-10-25 16:05:09,573 INFO URL being requested: GET https://www.googleapis.com/youtube/v3/videos?part=id%2Csnippet%2C+statistics&id=ROi-zb-e2T8&key=AIzaSyCtwTLEto38mYTNtGciRwyKizhFaQv-Jcs&alt=json
2018-10-25 16:05:09,647 INFO URL being requested: GET https://www.googleapis.com/youtube/v3/videos?part=id%2Csnippet%2C+statistics&id=xjkMihwmM6U&key=AIzaSyCtwTLEto38mYTNtGciRwyKizhFaQv-Jcs&alt=json
2018-10-25 16:05:09,729 INFO URL being requested: GET https://www.googleapis.com/youtube/v3/videos?part=id%2Csnippet%2C+statistics&id=f8PDjCu4cb8&key=AIzaSyCtwTLEto38mYTNtGciRwyKizhFaQv-Jcs&alt=json
2018-10-25 16:05:09,800 INFO URL being requested: GET https://www.googleapis.com/youtube/v3/videos?part=id%2Csnippet%2C+statistics&id=4kTRt3bGWfc&key=AIzaSyCtwTLEto38mYTNtGciRwyKizhFaQv-Jcs&alt=json
2018-10-25 16:05:09,877 INFO URL being requested: GET https://www.googleapis.com/youtube/v3/videos?part=id%2Csnippet%2C+statistics&id=lpcClXfhWaY&key=AIzaSyCtwTLEto38mYTNtGciRwyKizhFaQv-Jcs&alt=json
2018-10-25 16:05:09,955 INFO URL being requested: GET https://www.googleapis.com/youtube/v3/videos?part=id%2Csnippet%2C+statistics&id=shWj4w8wSG4&key=AIzaSyCtwTLEto38mYTNtGciRwyKizhFaQv-Jcs&alt=json
2018-10-25 16:05:10,032 INFO URL being requested: GET https://www.googleapis.com/youtube/v3/videos?part=id%2Csnippet%2C+statistics&id=gT1DIb1a8LM&key=AIzaSyCtwTLEto38mYTNtGciRwyKizhFaQv-Jcs&alt=json
2018-10-25 16:05:10,101 INFO URL being requested: GET https://www.googleapis.com/youtube/v3/videos?part=id%2Csnippet%2C+statistics&id=dKymcLkJPko&key=AIzaSyCtwTLEto38mYTNtGciRwyKizhFaQv-Jcs&alt=json
2018-10-25 16:05:10,165 INFO URL being requested: GET https://www.googleapis.com/youtube/v3/videos?part=id%2Csnippet%2C+statistics&id=gQBDPm8fwLw&key=AIzaSyCtwTLEto38mYTNtGciRwyKizhFaQv-Jcs&alt=json
2018-10-25 16:05:10,235 INFO URL being requested: GET https://www.googleapis.com/youtube/v3/videos?part=id%2Csnippet%2C+statistics&id=pdZTiHB3ET4&key=AIzaSyCtwTLEto38mYTNtGciRwyKizhFaQv-Jcs&alt=json
2018-10-25 16:05:10,312 INFO URL being requested: GET https://www.googleapis.com/youtube/v3/videos?part=id%2Csnippet%2C+statistics&id=TgrgX3wau7g&key=AIzaSyCtwTLEto38mYTNtGciRwyKizhFaQv-Jcs&alt=json
2018-10-25 16:05:10,381 INFO URL being requested: GET https://www.googleapis.com/youtube/v3/videos?part=id%2Csnippet%2C+statistics&id=H9gcbzkT50o&key=AIzaSyCtwTLEto38mYTNtGciRwyKizhFaQv-Jcs&alt=json
2018-10-25 16:05:10,441 INFO URL being requested: GET https://www.googleapis.com/youtube/v3/videos?part=id%2Csnippet%2C+statistics&id=sJV_-FMMbf8&key=AIzaSyCtwTLEto38mYTNtGciRwyKizhFaQv-Jcs&alt=json
2018-10-25 16:05:10,505 INFO URL being requested: GET https://www.googleapis.com/youtube/v3/videos?part=id%2Csnippet%2C+statistics&id=mx0CaXsi_MM&key=AIzaSyCtwTLEto38mYTNtGciRwyKizhFaQv-Jcs&alt=json
2018-10-25 16:05:10,571 INFO URL being requested: GET https://www.googleapis.com/youtube/v3/videos?part=id%2Csnippet%2C+statistics&id=gZEID06GLco&key=AIzaSyCtwTLEto38mYTNtGciRwyKizhFaQv-Jcs&alt=json
2018-10-25 16:05:10,637 INFO URL being requested: GET https://www.googleapis.com/youtube/v3/videos?part=id%2Csnippet%2C+statistics&id=FSLoidQdAuM&key=AIzaSyCtwTLEto38mYTNtGciRwyKizhFaQv-Jcs&alt=json
2018-10-25 16:05:10,707 INFO URL being requested: GET https://www.googleapis.com/youtube/v3/videos?part=id%2Csnippet%2C+statistics&id=N72TsEIyjB8&key=AIzaSyCtwTLEto38mYTNtGciRwyKizhFaQv-Jcs&alt=json
2018-10-25 16:05:10,784 INFO URL being requested: GET https://www.googleapis.com/youtube/v3/videos?part=id%2Csnippet%2C+statistics&id=7nDvFWCVHEY&key=AIzaSyCtwTLEto38mYTNtGciRwyKizhFaQv-Jcs&alt=json
2018-10-25 16:05:10,883 INFO URL being requested: GET https://www.googleapis.com/youtube/v3/videos?part=id%2Csnippet%2C+statistics&id=YtZorSoavfA&key=AIzaSyCtwTLEto38mYTNtGciRwyKizhFaQv-Jcs&alt=json
2018-10-25 16:05:10,966 INFO URL being requested: GET https://www.googleapis.com/youtube/v3/videos?part=id%2Csnippet%2C+statistics&id=k3r5jaFMl1A&key=AIzaSyCtwTLEto38mYTNtGciRwyKizhFaQv-Jcs&alt=json
2018-10-25 16:05:11,058 INFO URL being requested: GET https://www.googleapis.com/youtube/v3/videos?part=id%2Csnippet%2C+statistics&id=LmmIv0sIGqM&key=AIzaSyCtwTLEto38mYTNtGciRwyKizhFaQv-Jcs&alt=json
2018-10-25 16:05:11,134 INFO URL being requested: GET https://www.googleapis.com/youtube/v3/videos?part=id%2Csnippet%2C+statistics&id=Mlph5K4xtvs&key=AIzaSyCtwTLEto38mYTNtGciRwyKizhFaQv-Jcs&alt=json
2018-10-25 16:05:11,210 INFO URL being requested: GET https://www.googleapis.com/youtube/v3/videos?part=id%2Csnippet%2C+statistics&id=YyG0jgKeC0c&key=AIzaSyCtwTLEto38mYTNtGciRwyKizhFaQv-Jcs&alt=json
2018-10-25 16:05:11,281 INFO URL being requested: GET https://www.googleapis.com/youtube/v3/videos?part=id%2Csnippet%2C+statistics&id=DcUvQwoNWtc&key=AIzaSyCtwTLEto38mYTNtGciRwyKizhFaQv-Jcs&alt=json
2018-10-25 16:05:11,353 INFO URL being requested: GET https://www.googleapis.com/youtube/v3/videos?part=id%2Csnippet%2C+statistics&id=28ePdBRH6xA&key=AIzaSyCtwTLEto38mYTNtGciRwyKizhFaQv-Jcs&alt=json
2018-10-25 16:05:11,420 INFO URL being requested: GET https://www.googleapis.com/youtube/v3/videos?part=id%2Csnippet%2C+statistics&id=omNiHjt8Lt8&key=AIzaSyCtwTLEto38mYTNtGciRwyKizhFaQv-Jcs&alt=json
2018-10-25 16:05:11,500 INFO URL being requested: GET https://www.googleapis.com/youtube/v3/videos?part=id%2Csnippet%2C+statistics&id=P4sZMzWnsnU&key=AIzaSyCtwTLEto38mYTNtGciRwyKizhFaQv-Jcs&alt=json
2018-10-25 16:05:11,582 INFO URL being requested: GET https://www.googleapis.com/youtube/v3/videos?part=id%2Csnippet%2C+statistics&id=k3DHnpXKHjs&key=AIzaSyCtwTLEto38mYTNtGciRwyKizhFaQv-Jcs&alt=json
2018-10-25 16:05:11,661 INFO URL being requested: GET https://www.googleapis.com/youtube/v3/videos?part=id%2Csnippet%2C+statistics&id=gPH9WmAXFBY&key=AIzaSyCtwTLEto38mYTNtGciRwyKizhFaQv-Jcs&alt=json
2018-10-25 16:05:11,751 INFO URL being requested: GET https://www.googleapis.com/youtube/v3/videos?part=id%2Csnippet%2C+statistics&id=3mRI5BipBL0&key=AIzaSyCtwTLEto38mYTNtGciRwyKizhFaQv-Jcs&alt=json
2018-10-25 16:05:11,834 INFO URL being requested: GET https://www.googleapis.com/youtube/v3/videos?part=id%2Csnippet%2C+statistics&id=zsGGB-aSjWE&key=AIzaSyCtwTLEto38mYTNtGciRwyKizhFaQv-Jcs&alt=json
2018-10-25 16:05:11,900 INFO URL being requested: GET https://www.googleapis.com/youtube/v3/videos?part=id%2Csnippet%2C+statistics&id=lNkdCI1-9fk&key=AIzaSyCtwTLEto38mYTNtGciRwyKizhFaQv-Jcs&alt=json
2018-10-25 16:05:12,074 INFO URL being requested: GET https://www.googleapis.com/youtube/v3/videos?part=id%2Csnippet%2C+statistics&id=4lQSK1yb4-s&key=AIzaSyCtwTLEto38mYTNtGciRwyKizhFaQv-Jcs&alt=json
2018-10-25 16:05:12,145 INFO URL being requested: GET https://www.googleapis.com/youtube/v3/videos?part=id%2Csnippet%2C+statistics&id=rigau308ShI&key=AIzaSyCtwTLEto38mYTNtGciRwyKizhFaQv-Jcs&alt=json
2018-10-25 16:05:12,235 INFO URL being requested: GET https://www.googleapis.com/youtube/v3/videos?part=id%2Csnippet%2C+statistics&id=K_04xqishy8&key=AIzaSyCtwTLEto38mYTNtGciRwyKizhFaQv-Jcs&alt=json
2018-10-25 16:05:12,318 INFO URL being requested: GET https://www.googleapis.com/youtube/v3/videos?part=id%2Csnippet%2C+statistics&id=luxRwkM5GHg&key=AIzaSyCtwTLEto38mYTNtGciRwyKizhFaQv-Jcs&alt=json
2018-10-25 16:05:12,385 INFO URL being requested: GET https://www.googleapis.com/youtube/v3/videos?part=id%2Csnippet%2C+statistics&id=01fOB_gEUCI&key=AIzaSyCtwTLEto38mYTNtGciRwyKizhFaQv-Jcs&alt=json
2018-10-25 16:05:12,457 INFO URL being requested: GET https://www.googleapis.com/youtube/v3/videos?part=id%2Csnippet%2C+statistics&id=5lO9BhHav6g&key=AIzaSyCtwTLEto38mYTNtGciRwyKizhFaQv-Jcs&alt=json
2018-10-25 16:05:12,536 INFO URL being requested: GET https://www.googleapis.com/youtube/v3/videos?part=id%2Csnippet%2C+statistics&id=4tw2O0-yp0g&key=AIzaSyCtwTLEto38mYTNtGciRwyKizhFaQv-Jcs&alt=json
2018-10-25 16:05:12,692 INFO URL being requested: GET https://www.googleapis.com/youtube/v3/videos?part=id%2Csnippet%2C+statistics&id=T9DsJeKGotA&key=AIzaSyCtwTLEto38mYTNtGciRwyKizhFaQv-Jcs&alt=json
2018-10-25 16:05:12,773 INFO URL being requested: GET https://www.googleapis.com/youtube/v3/videos?part=id%2Csnippet%2C+statistics&id=2-xlBqbNzGU&key=AIzaSyCtwTLEto38mYTNtGciRwyKizhFaQv-Jcs&alt=json
2018-10-25 16:05:12,847 INFO URL being requested: GET https://www.googleapis.com/youtube/v3/videos?part=id%2Csnippet%2C+statistics&id=7oJROgtozIM&key=AIzaSyCtwTLEto38mYTNtGciRwyKizhFaQv-Jcs&alt=json
2018-10-25 16:05:12,915 INFO URL being requested: GET https://www.googleapis.com/youtube/v3/videos?part=id%2Csnippet%2C+statistics&id=rDKH5KPkwQE&key=AIzaSyCtwTLEto38mYTNtGciRwyKizhFaQv-Jcs&alt=json
2018-10-25 16:05:12,985 INFO URL being requested: GET https://www.googleapis.com/youtube/v3/videos?part=id%2Csnippet%2C+statistics&id=ZqBJW7ZEnAM&key=AIzaSyCtwTLEto38mYTNtGciRwyKizhFaQv-Jcs&alt=json
2018-10-25 16:05:13,050 INFO URL being requested: GET https://www.googleapis.com/youtube/v3/videos?part=id%2Csnippet%2C+statistics&id=S_1bYhNaeyI&key=AIzaSyCtwTLEto38mYTNtGciRwyKizhFaQv-Jcs&alt=json
2018-10-25 16:05:13,141 INFO URL being requested: GET https://www.googleapis.com/youtube/v3/videos?part=id%2Csnippet%2C+statistics&id=J_aKuQ_z40A&key=AIzaSyCtwTLEto38mYTNtGciRwyKizhFaQv-Jcs&alt=json
2018-10-25 16:05:13,204 INFO URL being requested: GET https://www.googleapis.com/youtube/v3/videos?part=id%2Csnippet%2C+statistics&id=IY1VJnuBhAU&key=AIzaSyCtwTLEto38mYTNtGciRwyKizhFaQv-Jcs&alt=json
2018-10-25 16:05:13,299 INFO URL being requested: GET https://www.googleapis.com/youtube/v3/videos?part=id%2Csnippet%2C+statistics&id=yj9Uw9mOMgk&key=AIzaSyCtwTLEto38mYTNtGciRwyKizhFaQv-Jcs&alt=json
2018-10-25 16:05:13,363 INFO URL being requested: GET https://www.googleapis.com/youtube/v3/videos?part=id%2Csnippet%2C+statistics&id=L4ghn4bB9VI&key=AIzaSyCtwTLEto38mYTNtGciRwyKizhFaQv-Jcs&alt=json
2018-10-25 16:05:13,426 INFO URL being requested: GET https://www.googleapis.com/youtube/v3/videos?part=id%2Csnippet%2C+statistics&id=xOx82BnWAuc&key=AIzaSyCtwTLEto38mYTNtGciRwyKizhFaQv-Jcs&alt=json
2018-10-25 16:05:13,544 INFO URL being requested: GET https://www.googleapis.com/youtube/v3/videos?part=id%2Csnippet%2C+statistics&id=7YKNK__fRY8&key=AIzaSyCtwTLEto38mYTNtGciRwyKizhFaQv-Jcs&alt=json
2018-10-25 16:05:13,626 INFO URL being requested: GET https://www.googleapis.com/youtube/v3/videos?part=id%2Csnippet%2C+statistics&id=IEgG3Z2kQ3Q&key=AIzaSyCtwTLEto38mYTNtGciRwyKizhFaQv-Jcs&alt=json
2018-10-25 16:05:13,705 INFO URL being requested: GET https://www.googleapis.com/youtube/v3/videos?part=id%2Csnippet%2C+statistics&id=xD8kL2b2QpQ&key=AIzaSyCtwTLEto38mYTNtGciRwyKizhFaQv-Jcs&alt=json
2018-10-25 16:05:13,792 INFO URL being requested: GET https://www.googleapis.com/youtube/v3/videos?part=id%2Csnippet%2C+statistics&id=xVOoJ6cuHOw&key=AIzaSyCtwTLEto38mYTNtGciRwyKizhFaQv-Jcs&alt=json
2018-10-25 16:05:13,861 INFO URL being requested: GET https://www.googleapis.com/youtube/v3/videos?part=id%2Csnippet%2C+statistics&id=mRt4UevbbWA&key=AIzaSyCtwTLEto38mYTNtGciRwyKizhFaQv-Jcs&alt=json
2018-10-25 16:05:13,942 INFO URL being requested: GET https://www.googleapis.com/youtube/v3/videos?part=id%2Csnippet%2C+statistics&id=IPyXSwMYt6E&key=AIzaSyCtwTLEto38mYTNtGciRwyKizhFaQv-Jcs&alt=json
2018-10-25 16:05:14,030 INFO URL being requested: GET https://www.googleapis.com/youtube/v3/videos?part=id%2Csnippet%2C+statistics&id=kmccuAfT5sQ&key=AIzaSyCtwTLEto38mYTNtGciRwyKizhFaQv-Jcs&alt=json
2018-10-25 16:05:14,120 INFO URL being requested: GET https://www.googleapis.com/youtube/v3/videos?part=id%2Csnippet%2C+statistics&id=i_l-zk4DGuw&key=AIzaSyCtwTLEto38mYTNtGciRwyKizhFaQv-Jcs&alt=json
2018-10-25 16:05:14,196 INFO URL being requested: GET https://www.googleapis.com/youtube/v3/videos?part=id%2Csnippet%2C+statistics&id=rzTEzNejjL0&key=AIzaSyCtwTLEto38mYTNtGciRwyKizhFaQv-Jcs&alt=json
2018-10-25 16:05:14,272 INFO URL being requested: GET https://www.googleapis.com/youtube/v3/videos?part=id%2Csnippet%2C+statistics&id=c9z07y0sfxc&key=AIzaSyCtwTLEto38mYTNtGciRwyKizhFaQv-Jcs&alt=json
2018-10-25 16:05:14,389 INFO URL being requested: GET https://www.googleapis.com/youtube/v3/videos?part=id%2Csnippet%2C+statistics&id=vV-7enG2xhc&key=AIzaSyCtwTLEto38mYTNtGciRwyKizhFaQv-Jcs&alt=json
2018-10-25 16:05:14,474 INFO URL being requested: GET https://www.googleapis.com/youtube/v3/videos?part=id%2Csnippet%2C+statistics&id=RpzjKQvzlLs&key=AIzaSyCtwTLEto38mYTNtGciRwyKizhFaQv-Jcs&alt=json
2018-10-25 16:05:14,537 INFO URL being requested: GET https://www.googleapis.com/youtube/v3/videos?part=id%2Csnippet%2C+statistics&id=vDYvR_0Gqx8&key=AIzaSyCtwTLEto38mYTNtGciRwyKizhFaQv-Jcs&alt=json
2018-10-25 16:05:14,607 INFO URL being requested: GET https://www.googleapis.com/youtube/v3/videos?part=id%2Csnippet%2C+statistics&id=FQ0LtT3s8W0&key=AIzaSyCtwTLEto38mYTNtGciRwyKizhFaQv-Jcs&alt=json
2018-10-25 16:05:14,691 INFO URL being requested: GET https://www.googleapis.com/youtube/v3/videos?part=id%2Csnippet%2C+statistics&id=p4odibtCCWA&key=AIzaSyCtwTLEto38mYTNtGciRwyKizhFaQv-Jcs&alt=json
2018-10-25 16:05:14,784 INFO URL being requested: GET https://www.googleapis.com/youtube/v3/videos?part=id%2Csnippet%2C+statistics&id=sEFhpeRPBtg&key=AIzaSyCtwTLEto38mYTNtGciRwyKizhFaQv-Jcs&alt=json
2018-10-25 16:05:14,865 INFO URL being requested: GET https://www.googleapis.com/youtube/v3/videos?part=id%2Csnippet%2C+statistics&id=CCbJtq1A8JY&key=AIzaSyCtwTLEto38mYTNtGciRwyKizhFaQv-Jcs&alt=json
2018-10-25 16:05:14,940 INFO URL being requested: GET https://www.googleapis.com/youtube/v3/videos?part=id%2Csnippet%2C+statistics&id=8meryKCSXM0&key=AIzaSyCtwTLEto38mYTNtGciRwyKizhFaQv-Jcs&alt=json
2018-10-25 16:05:15,025 INFO URL being requested: GET https://www.googleapis.com/youtube/v3/videos?part=id%2Csnippet%2C+statistics&id=l0IWPhQ37ZU&key=AIzaSyCtwTLEto38mYTNtGciRwyKizhFaQv-Jcs&alt=json
2018-10-25 16:05:15,100 INFO URL being requested: GET https://www.googleapis.com/youtube/v3/videos?part=id%2Csnippet%2C+statistics&id=sKTnMhUxBNk&key=AIzaSyCtwTLEto38mYTNtGciRwyKizhFaQv-Jcs&alt=json
2018-10-25 16:05:15,177 INFO URL being requested: GET https://www.googleapis.com/youtube/v3/videos?part=id%2Csnippet%2C+statistics&id=fwY_1jyEzmU&key=AIzaSyCtwTLEto38mYTNtGciRwyKizhFaQv-Jcs&alt=json
2018-10-25 16:05:15,250 INFO URL being requested: GET https://www.googleapis.com/youtube/v3/videos?part=id%2Csnippet%2C+statistics&id=nyAcQuFWRuU&key=AIzaSyCtwTLEto38mYTNtGciRwyKizhFaQv-Jcs&alt=json
2018-10-25 16:05:15,380 INFO TRACE: Calling load_data() with ('tedxroma-statistics.csv', ['Date', 'Metric']), {}
2018-10-25 16:05:15,382 INFO Loading old data from tedxroma-statistics.csv
2018-10-25 16:05:15,387 WARNING File tedxroma-statistics.csv does not exist! Continuing without loading old data.
2018-10-25 16:05:15,390 INFO ...done!
2018-10-25 16:05:15,445 INFO Saving data ...
2018-10-25 16:05:15,501 INFO ...done!
2018-10-25 16:05:15,503 INFO Saving config ...
2018-10-25 16:05:15,515 INFO ...done!
